{"obj": {"type": "AssignString", "path": ["sys", "description"], "value": ""}, "version": 1, "at": 1736648887.9200945}
{"obj": {"type": "AssignString", "path": ["monitoring", "4cc43a27", "hostname"], "value": "ip-10-192-12-162"}, "version": 2, "at": 1736648887.9204473}
{"obj": {"type": "AssignString", "path": ["sys", "hostname"], "value": "ip-10-192-12-162"}, "version": 3, "at": 1736648887.920542}
{"obj": {"type": "AssignString", "path": ["monitoring", "4cc43a27", "pid"], "value": "1454"}, "version": 4, "at": 1736648887.9206176}
{"obj": {"type": "AssignString", "path": ["monitoring", "4cc43a27", "tid"], "value": "140586188423808"}, "version": 5, "at": 1736648887.9207048}
{"obj": {"type": "AssignBool", "path": ["sys", "failed"], "value": false}, "version": 6, "at": 1736648887.920775}
{"obj": {"type": "AssignString", "path": ["source_code", "integrations", "neptune-pytorch"], "value": "2.0.0"}, "version": 7, "at": 1736648887.9342873}
{"obj": {"type": "LogFloats", "path": ["training", "train", "log_loss"], "values": [{"value": -1.2189876763684189, "step": null, "ts": 1736648889.3941817}]}, "version": 8, "at": 1736648889.3942318}
{"obj": {"type": "LogFloats", "path": ["training", "train", "log_loss"], "values": [{"value": -1.2328815183317952, "step": null, "ts": 1736648889.3955123}]}, "version": 9, "at": 1736648889.395543}
{"obj": {"type": "LogFloats", "path": ["training", "train", "log_loss"], "values": [{"value": -1.185416533877393, "step": null, "ts": 1736648889.3966413}]}, "version": 10, "at": 1736648889.3966713}
{"obj": {"type": "LogFloats", "path": ["training", "train", "log_loss"], "values": [{"value": -1.2480982088667432, "step": null, "ts": 1736648889.3976698}]}, "version": 11, "at": 1736648889.3976943}
{"obj": {"type": "LogFloats", "path": ["training", "train", "log_loss"], "values": [{"value": -1.197827176659339, "step": null, "ts": 1736648889.3986156}]}, "version": 12, "at": 1736648889.39864}
{"obj": {"type": "LogFloats", "path": ["training", "train", "log_loss"], "values": [{"value": -1.2403704102137656, "step": null, "ts": 1736648889.399548}]}, "version": 13, "at": 1736648889.3995743}
{"obj": {"type": "LogFloats", "path": ["training", "train", "log_loss"], "values": [{"value": -1.2653584733401113, "step": null, "ts": 1736648889.4005353}]}, "version": 14, "at": 1736648889.4005773}
{"obj": {"type": "LogFloats", "path": ["training", "train", "log_loss"], "values": [{"value": -1.2338285393964745, "step": null, "ts": 1736648889.4014893}]}, "version": 15, "at": 1736648889.4015145}
{"obj": {"type": "LogFloats", "path": ["training", "train", "log_loss"], "values": [{"value": -1.2430749271627957, "step": null, "ts": 1736648889.4024355}]}, "version": 16, "at": 1736648889.4024613}
{"obj": {"type": "LogFloats", "path": ["training", "train", "log_loss"], "values": [{"value": -1.2525826955962192, "step": null, "ts": 1736648889.403387}]}, "version": 17, "at": 1736648889.4034111}
{"obj": {"type": "LogFloats", "path": ["training", "train", "log_loss"], "values": [{"value": -1.2282875526481702, "step": null, "ts": 1736648889.4043012}]}, "version": 18, "at": 1736648889.404326}
{"obj": {"type": "LogFloats", "path": ["training", "train", "log_loss"], "values": [{"value": -1.221056005013226, "step": null, "ts": 1736648889.4054236}]}, "version": 19, "at": 1736648889.4054503}
{"obj": {"type": "LogFloats", "path": ["training", "train", "log_loss"], "values": [{"value": -1.2371161517976585, "step": null, "ts": 1736648889.406385}]}, "version": 20, "at": 1736648889.40641}
{"obj": {"type": "LogFloats", "path": ["training", "train", "log_loss"], "values": [{"value": -1.2253958204721378, "step": null, "ts": 1736648889.4073398}]}, "version": 21, "at": 1736648889.4073648}
{"obj": {"type": "LogFloats", "path": ["training", "train", "log_loss"], "values": [{"value": -1.2332244375018058, "step": null, "ts": 1736648889.4082832}]}, "version": 22, "at": 1736648889.4083083}
{"obj": {"type": "LogFloats", "path": ["training", "train", "log_loss"], "values": [{"value": -1.2551213974712658, "step": null, "ts": 1736648889.409394}]}, "version": 23, "at": 1736648889.409422}
{"obj": {"type": "LogFloats", "path": ["training", "train", "log_loss"], "values": [{"value": -1.239742267451768, "step": null, "ts": 1736648889.4103642}]}, "version": 24, "at": 1736648889.410391}
{"obj": {"type": "LogFloats", "path": ["training", "train", "log_loss"], "values": [{"value": -1.2464736658400069, "step": null, "ts": 1736648889.411316}]}, "version": 25, "at": 1736648889.4113455}
{"obj": {"type": "LogFloats", "path": ["training", "train", "log_loss"], "values": [{"value": -1.2145716035190128, "step": null, "ts": 1736648889.4122443}]}, "version": 26, "at": 1736648889.4122686}
{"obj": {"type": "LogFloats", "path": ["training", "train", "log_loss"], "values": [{"value": -1.253469652387498, "step": null, "ts": 1736648889.4131992}]}, "version": 27, "at": 1736648889.4132223}
{"obj": {"type": "LogFloats", "path": ["training", "train", "log_loss"], "values": [{"value": -1.2584401234336628, "step": null, "ts": 1736648889.4140952}]}, "version": 28, "at": 1736648889.4141192}
{"obj": {"type": "LogFloats", "path": ["training", "train", "log_loss"], "values": [{"value": -1.2332431567253697, "step": null, "ts": 1736648889.4150193}]}, "version": 29, "at": 1736648889.4150436}
{"obj": {"type": "LogFloats", "path": ["training", "train", "log_loss"], "values": [{"value": -1.233806022277322, "step": null, "ts": 1736648889.4159696}]}, "version": 30, "at": 1736648889.4159927}
{"obj": {"type": "LogFloats", "path": ["training", "train", "log_loss"], "values": [{"value": -1.2611090314595326, "step": null, "ts": 1736648889.417049}]}, "version": 31, "at": 1736648889.4170754}
{"obj": {"type": "LogFloats", "path": ["training", "train", "log_loss"], "values": [{"value": -1.2199332325069538, "step": null, "ts": 1736648889.4179347}]}, "version": 32, "at": 1736648889.4179568}
{"obj": {"type": "LogFloats", "path": ["training", "train", "log_loss"], "values": [{"value": -1.2829570484992938, "step": null, "ts": 1736648889.4188788}]}, "version": 33, "at": 1736648889.418903}
{"obj": {"type": "LogFloats", "path": ["training", "train", "log_loss"], "values": [{"value": -1.2333886262402491, "step": null, "ts": 1736648889.419914}]}, "version": 34, "at": 1736648889.4199367}
{"obj": {"type": "LogFloats", "path": ["training", "train", "log_loss"], "values": [{"value": -1.2728098601239664, "step": null, "ts": 1736648889.4209743}]}, "version": 35, "at": 1736648889.4209995}
{"obj": {"type": "LogFloats", "path": ["training", "train", "log_loss"], "values": [{"value": -1.2919862363069874, "step": null, "ts": 1736648889.4219904}]}, "version": 36, "at": 1736648889.422018}
{"obj": {"type": "LogFloats", "path": ["training", "train", "log_loss"], "values": [{"value": -1.2982056444706518, "step": null, "ts": 1736648889.4229262}]}, "version": 37, "at": 1736648889.422949}
{"obj": {"type": "LogFloats", "path": ["training", "train", "log_loss"], "values": [{"value": -1.2609798758948412, "step": null, "ts": 1736648889.4238462}]}, "version": 38, "at": 1736648889.4238703}
{"obj": {"type": "LogFloats", "path": ["training", "train", "log_loss"], "values": [{"value": -1.2641710495457146, "step": null, "ts": 1736648889.4250975}]}, "version": 39, "at": 1736648889.4251227}
{"obj": {"type": "LogFloats", "path": ["training", "train", "log_loss"], "values": [{"value": -1.2564307528942524, "step": null, "ts": 1736648889.4260032}]}, "version": 40, "at": 1736648889.4260256}
{"obj": {"type": "LogFloats", "path": ["training", "train", "log_loss"], "values": [{"value": -1.2738017632483665, "step": null, "ts": 1736648889.4269154}]}, "version": 41, "at": 1736648889.42694}
{"obj": {"type": "LogFloats", "path": ["training", "train", "log_loss"], "values": [{"value": -1.3062132137742604, "step": null, "ts": 1736648889.4278016}]}, "version": 42, "at": 1736648889.4278255}
{"obj": {"type": "LogFloats", "path": ["training", "train", "log_loss"], "values": [{"value": -1.2997115141227693, "step": null, "ts": 1736648889.4287536}]}, "version": 43, "at": 1736648889.428778}
{"obj": {"type": "LogFloats", "path": ["training", "train", "log_loss"], "values": [{"value": -1.2279654514177727, "step": null, "ts": 1736648889.4296637}]}, "version": 44, "at": 1736648889.4296865}
{"obj": {"type": "LogFloats", "path": ["training", "train", "log_loss"], "values": [{"value": -1.2852852112067654, "step": null, "ts": 1736648889.4305446}]}, "version": 45, "at": 1736648889.4305706}
{"obj": {"type": "LogFloats", "path": ["training", "train", "log_loss"], "values": [{"value": -1.2709514678884386, "step": null, "ts": 1736648889.4314492}]}, "version": 46, "at": 1736648889.4314723}
{"obj": {"type": "LogFloats", "path": ["training", "train", "log_loss"], "values": [{"value": -1.2359224917541731, "step": null, "ts": 1736648889.4325778}]}, "version": 47, "at": 1736648889.4326026}
{"obj": {"type": "LogFloats", "path": ["training", "train", "log_loss"], "values": [{"value": -1.2903760520962588, "step": null, "ts": 1736648889.4335392}]}, "version": 48, "at": 1736648889.433562}
{"obj": {"type": "LogFloats", "path": ["training", "train", "log_loss"], "values": [{"value": -1.275464736106952, "step": null, "ts": 1736648889.4344912}]}, "version": 49, "at": 1736648889.4345164}
{"obj": {"type": "LogFloats", "path": ["training", "train", "log_loss"], "values": [{"value": -1.2341556065392105, "step": null, "ts": 1736648889.4354835}]}, "version": 50, "at": 1736648889.4355073}
{"obj": {"type": "LogFloats", "path": ["training", "train", "log_loss"], "values": [{"value": -1.2684943713971586, "step": null, "ts": 1736648889.4364347}]}, "version": 51, "at": 1736648889.43646}
{"obj": {"type": "LogFloats", "path": ["training", "train", "log_loss"], "values": [{"value": -1.2698709172992042, "step": null, "ts": 1736648889.437357}]}, "version": 52, "at": 1736648889.4373808}
{"obj": {"type": "LogFloats", "path": ["training", "train", "log_loss"], "values": [{"value": -1.3395442330108223, "step": null, "ts": 1736648889.4383526}]}, "version": 53, "at": 1736648889.4383771}
{"obj": {"type": "LogFloats", "path": ["training", "train", "log_loss"], "values": [{"value": -1.260666206714199, "step": null, "ts": 1736648889.4393895}]}, "version": 54, "at": 1736648889.4394128}
{"obj": {"type": "LogFloats", "path": ["training", "train", "log_loss"], "values": [{"value": -1.2741752062259135, "step": null, "ts": 1736648889.4403992}]}, "version": 55, "at": 1736648889.4404235}
{"obj": {"type": "LogFloats", "path": ["training", "train", "log_loss"], "values": [{"value": -1.2683209266186752, "step": null, "ts": 1736648889.44137}]}, "version": 56, "at": 1736648889.4413934}
{"obj": {"type": "LogFloats", "path": ["training", "train", "log_loss"], "values": [{"value": -1.2891426639150005, "step": null, "ts": 1736648889.4423003}]}, "version": 57, "at": 1736648889.4423234}
{"obj": {"type": "LogFloats", "path": ["training", "train", "log_loss"], "values": [{"value": -1.273119058841419, "step": null, "ts": 1736648889.4431837}]}, "version": 58, "at": 1736648889.4432275}
{"obj": {"type": "LogFloats", "path": ["training", "train", "log_loss"], "values": [{"value": -1.281330628843947, "step": null, "ts": 1736648889.4440901}]}, "version": 59, "at": 1736648889.4441137}
{"obj": {"type": "LogFloats", "path": ["training", "train", "log_loss"], "values": [{"value": -1.2833767310918685, "step": null, "ts": 1736648889.4450626}]}, "version": 60, "at": 1736648889.4450855}
{"obj": {"type": "LogFloats", "path": ["training", "train", "log_loss"], "values": [{"value": -1.2997536039861644, "step": null, "ts": 1736648889.4460614}]}, "version": 61, "at": 1736648889.4460864}
{"obj": {"type": "LogFloats", "path": ["training", "train", "log_loss"], "values": [{"value": -1.2654496364017893, "step": null, "ts": 1736648889.447048}]}, "version": 62, "at": 1736648889.4470732}
{"obj": {"type": "LogFloats", "path": ["training", "train", "log_loss"], "values": [{"value": -1.256512101428953, "step": null, "ts": 1736648889.4481323}]}, "version": 63, "at": 1736648889.4481585}
{"obj": {"type": "LogFloats", "path": ["training", "train", "log_loss"], "values": [{"value": -1.2859844702869143, "step": null, "ts": 1736648889.4491353}]}, "version": 64, "at": 1736648889.4491599}
{"obj": {"type": "LogFloats", "path": ["training", "train", "log_loss"], "values": [{"value": -1.2766686456909564, "step": null, "ts": 1736648889.450076}]}, "version": 65, "at": 1736648889.450101}
{"obj": {"type": "LogFloats", "path": ["training", "train", "log_loss"], "values": [{"value": -1.261126597063514, "step": null, "ts": 1736648889.4509943}]}, "version": 66, "at": 1736648889.4510171}
{"obj": {"type": "LogFloats", "path": ["training", "train", "log_loss"], "values": [{"value": -1.2865346706342256, "step": null, "ts": 1736648889.451884}]}, "version": 67, "at": 1736648889.4519072}
{"obj": {"type": "LogFloats", "path": ["training", "train", "log_loss"], "values": [{"value": -1.3060459743856498, "step": null, "ts": 1736648889.4528615}]}, "version": 68, "at": 1736648889.4528859}
{"obj": {"type": "LogFloats", "path": ["training", "train", "log_loss"], "values": [{"value": -1.29221852052714, "step": null, "ts": 1736648889.4537458}]}, "version": 69, "at": 1736648889.4537687}
{"obj": {"type": "LogFloats", "path": ["training", "train", "log_loss"], "values": [{"value": -1.268501470877461, "step": null, "ts": 1736648889.4546146}]}, "version": 70, "at": 1736648889.4546373}
{"obj": {"type": "LogFloats", "path": ["training", "train", "log_loss"], "values": [{"value": -1.32844811449461, "step": null, "ts": 1736648889.4556642}]}, "version": 71, "at": 1736648889.455688}
{"obj": {"type": "LogFloats", "path": ["training", "train", "log_loss"], "values": [{"value": -1.2652965759288188, "step": null, "ts": 1736648889.4565916}]}, "version": 72, "at": 1736648889.456618}
{"obj": {"type": "LogFloats", "path": ["training", "train", "log_loss"], "values": [{"value": -1.3035485257218107, "step": null, "ts": 1736648889.457503}]}, "version": 73, "at": 1736648889.4575267}
{"obj": {"type": "LogFloats", "path": ["training", "train", "log_loss"], "values": [{"value": -1.289477298047418, "step": null, "ts": 1736648889.4583485}]}, "version": 74, "at": 1736648889.458372}
{"obj": {"type": "LogFloats", "path": ["training", "train", "log_loss"], "values": [{"value": -1.2882799262389861, "step": null, "ts": 1736648889.4592996}]}, "version": 75, "at": 1736648889.4593236}
{"obj": {"type": "LogFloats", "path": ["training", "train", "log_loss"], "values": [{"value": -1.262906423782898, "step": null, "ts": 1736648889.4602137}]}, "version": 76, "at": 1736648889.4602377}
{"obj": {"type": "LogFloats", "path": ["training", "train", "log_loss"], "values": [{"value": -1.2765087313799033, "step": null, "ts": 1736648889.4611466}]}, "version": 77, "at": 1736648889.461174}
{"obj": {"type": "LogFloats", "path": ["training", "train", "log_loss"], "values": [{"value": -1.2806936079983051, "step": null, "ts": 1736648889.462037}]}, "version": 78, "at": 1736648889.46206}
{"obj": {"type": "LogFloats", "path": ["training", "train", "log_loss"], "values": [{"value": -1.2727263236915247, "step": null, "ts": 1736648889.4628782}]}, "version": 79, "at": 1736648889.4629009}
{"obj": {"type": "LogFloats", "path": ["training", "train", "log_loss"], "values": [{"value": -1.3111348519252002, "step": null, "ts": 1736648889.4641433}]}, "version": 80, "at": 1736648889.464172}
{"obj": {"type": "LogFloats", "path": ["training", "train", "log_loss"], "values": [{"value": -1.3018239867712893, "step": null, "ts": 1736648889.4651852}]}, "version": 81, "at": 1736648889.4652128}
{"obj": {"type": "LogFloats", "path": ["training", "train", "log_loss"], "values": [{"value": -1.2898555596859222, "step": null, "ts": 1736648889.4661324}]}, "version": 82, "at": 1736648889.466156}
{"obj": {"type": "LogFloats", "path": ["training", "train", "log_loss"], "values": [{"value": -1.309360433841974, "step": null, "ts": 1736648889.4670718}]}, "version": 83, "at": 1736648889.4670959}
{"obj": {"type": "LogFloats", "path": ["training", "train", "log_loss"], "values": [{"value": -1.3134662296253803, "step": null, "ts": 1736648889.4680822}]}, "version": 84, "at": 1736648889.4681072}
{"obj": {"type": "LogFloats", "path": ["training", "train", "log_loss"], "values": [{"value": -1.2670578170586906, "step": null, "ts": 1736648889.469085}]}, "version": 85, "at": 1736648889.4691133}
{"obj": {"type": "LogFloats", "path": ["training", "train", "log_loss"], "values": [{"value": -1.3128002156521401, "step": null, "ts": 1736648889.4701245}]}, "version": 86, "at": 1736648889.4701486}
{"obj": {"type": "LogFloats", "path": ["training", "train", "log_loss"], "values": [{"value": -1.330028653646968, "step": null, "ts": 1736648889.471224}]}, "version": 87, "at": 1736648889.4712527}
{"obj": {"type": "LogFloats", "path": ["training", "train", "log_loss"], "values": [{"value": -1.3191710231654643, "step": null, "ts": 1736648889.4721942}]}, "version": 88, "at": 1736648889.4722173}
{"obj": {"type": "LogFloats", "path": ["training", "train", "log_loss"], "values": [{"value": -1.3005954452389503, "step": null, "ts": 1736648889.4731653}]}, "version": 89, "at": 1736648889.4731896}
{"obj": {"type": "LogFloats", "path": ["training", "train", "log_loss"], "values": [{"value": -1.3298020655561604, "step": null, "ts": 1736648889.474183}]}, "version": 90, "at": 1736648889.4742064}
{"obj": {"type": "LogFloats", "path": ["training", "train", "log_loss"], "values": [{"value": -1.3208634575527993, "step": null, "ts": 1736648889.4751117}]}, "version": 91, "at": 1736648889.4751356}
{"obj": {"type": "LogFloats", "path": ["training", "train", "log_loss"], "values": [{"value": -1.3443827200016611, "step": null, "ts": 1736648889.4760368}]}, "version": 92, "at": 1736648889.4760602}
{"obj": {"type": "LogFloats", "path": ["training", "train", "log_loss"], "values": [{"value": -1.3034789515268295, "step": null, "ts": 1736648889.4770377}]}, "version": 93, "at": 1736648889.4770634}
{"obj": {"type": "LogFloats", "path": ["training", "train", "log_loss"], "values": [{"value": -1.332079180696912, "step": null, "ts": 1736648889.4780052}]}, "version": 94, "at": 1736648889.4780285}
{"obj": {"type": "LogFloats", "path": ["training", "train", "log_loss"], "values": [{"value": -1.3098134336318326, "step": null, "ts": 1736648889.4788878}]}, "version": 95, "at": 1736648889.478911}
{"obj": {"type": "LogFloats", "path": ["training", "train", "log_loss"], "values": [{"value": -1.3340719164072388, "step": null, "ts": 1736648889.4801118}]}, "version": 96, "at": 1736648889.4801366}
{"obj": {"type": "LogFloats", "path": ["training", "train", "log_loss"], "values": [{"value": -1.3199014196906047, "step": null, "ts": 1736648889.481079}]}, "version": 97, "at": 1736648889.4811034}
{"obj": {"type": "LogFloats", "path": ["training", "train", "log_loss"], "values": [{"value": -1.3374313570508, "step": null, "ts": 1736648889.4819698}]}, "version": 98, "at": 1736648889.481993}
{"obj": {"type": "LogFloats", "path": ["training", "train", "log_loss"], "values": [{"value": -1.3439418992633534, "step": null, "ts": 1736648889.4828782}]}, "version": 99, "at": 1736648889.4829018}
{"obj": {"type": "LogFloats", "path": ["training", "train", "log_loss"], "values": [{"value": -1.3315567308060112, "step": null, "ts": 1736648889.483811}]}, "version": 100, "at": 1736648889.483833}
{"obj": {"type": "LogFloats", "path": ["training", "train", "log_loss"], "values": [{"value": -1.391978229807819, "step": null, "ts": 1736648889.48477}]}, "version": 101, "at": 1736648889.484796}
{"obj": {"type": "LogFloats", "path": ["training", "train", "log_loss"], "values": [{"value": -1.326951962690941, "step": null, "ts": 1736648889.4857008}]}, "version": 102, "at": 1736648889.4857259}
{"obj": {"type": "LogFloats", "path": ["training", "train", "log_loss"], "values": [{"value": -1.3913057599726084, "step": null, "ts": 1736648889.4865904}]}, "version": 103, "at": 1736648889.4866147}
{"obj": {"type": "LogFloats", "path": ["training", "train", "log_loss"], "values": [{"value": -1.3162690980804383, "step": null, "ts": 1736648889.4889324}]}, "version": 104, "at": 1736648889.488957}
{"obj": {"type": "LogFloats", "path": ["training", "train", "log_loss"], "values": [{"value": -1.3495148357664026, "step": null, "ts": 1736648889.489824}]}, "version": 105, "at": 1736648889.4898486}
{"obj": {"type": "LogFloats", "path": ["training", "train", "log_loss"], "values": [{"value": -1.293471029019042, "step": null, "ts": 1736648889.4907615}]}, "version": 106, "at": 1736648889.4907844}
{"obj": {"type": "LogFloats", "path": ["training", "train", "log_loss"], "values": [{"value": -1.364479258788658, "step": null, "ts": 1736648889.491694}]}, "version": 107, "at": 1736648889.4917176}
{"obj": {"type": "LogFloats", "path": ["training", "train", "log_loss"], "values": [{"value": -1.3697322439302184, "step": null, "ts": 1736648889.492582}]}, "version": 108, "at": 1736648889.4926066}
{"obj": {"type": "LogFloats", "path": ["training", "train", "log_loss"], "values": [{"value": -1.3747852659265347, "step": null, "ts": 1736648889.4935236}]}, "version": 109, "at": 1736648889.4935467}
{"obj": {"type": "LogFloats", "path": ["training", "train", "log_loss"], "values": [{"value": -1.3134282135649755, "step": null, "ts": 1736648889.4944048}]}, "version": 110, "at": 1736648889.4944284}
{"obj": {"type": "LogFloats", "path": ["training", "train", "log_loss"], "values": [{"value": -1.332135641494727, "step": null, "ts": 1736648889.4954264}]}, "version": 111, "at": 1736648889.4954515}
{"obj": {"type": "LogFloats", "path": ["training", "train", "log_loss"], "values": [{"value": -1.356695542393623, "step": null, "ts": 1736648889.4963195}]}, "version": 112, "at": 1736648889.4963434}
{"obj": {"type": "LogFloats", "path": ["training", "train", "log_loss"], "values": [{"value": -1.3526972328553242, "step": null, "ts": 1736648889.4972515}]}, "version": 113, "at": 1736648889.4972754}
{"obj": {"type": "LogFloats", "path": ["training", "train", "log_loss"], "values": [{"value": -1.3563803366289964, "step": null, "ts": 1736648889.498107}]}, "version": 114, "at": 1736648889.4981296}
{"obj": {"type": "LogFloats", "path": ["training", "train", "log_loss"], "values": [{"value": -1.3332010895915423, "step": null, "ts": 1736648889.498962}]}, "version": 115, "at": 1736648889.4989843}
{"obj": {"type": "LogFloats", "path": ["training", "train", "log_loss"], "values": [{"value": -1.3523336198100453, "step": null, "ts": 1736648889.4998546}]}, "version": 116, "at": 1736648889.4998782}
{"obj": {"type": "LogFloats", "path": ["training", "train", "log_loss"], "values": [{"value": -1.3177052614759543, "step": null, "ts": 1736648889.50078}]}, "version": 117, "at": 1736648889.5008032}
{"obj": {"type": "LogFloats", "path": ["training", "train", "log_loss"], "values": [{"value": -1.3658469446904549, "step": null, "ts": 1736648889.5016997}]}, "version": 118, "at": 1736648889.5017242}
{"obj": {"type": "LogFloats", "path": ["training", "train", "log_loss"], "values": [{"value": -1.3774522376759264, "step": null, "ts": 1736648889.5027497}]}, "version": 119, "at": 1736648889.5027757}
{"obj": {"type": "LogFloats", "path": ["training", "train", "log_loss"], "values": [{"value": -1.3575044927838515, "step": null, "ts": 1736648889.5036461}]}, "version": 120, "at": 1736648889.5036705}
{"obj": {"type": "LogFloats", "path": ["training", "train", "log_loss"], "values": [{"value": -1.376248912859205, "step": null, "ts": 1736648889.5045247}]}, "version": 121, "at": 1736648889.504561}
{"obj": {"type": "LogFloats", "path": ["training", "train", "log_loss"], "values": [{"value": -1.378043093400278, "step": null, "ts": 1736648889.5054739}]}, "version": 122, "at": 1736648889.5054982}
{"obj": {"type": "LogFloats", "path": ["training", "train", "log_loss"], "values": [{"value": -1.4192897655986003, "step": null, "ts": 1736648889.5063932}]}, "version": 123, "at": 1736648889.5064163}
{"obj": {"type": "LogFloats", "path": ["training", "train", "log_loss"], "values": [{"value": -1.3409147826467354, "step": null, "ts": 1736648889.507272}]}, "version": 124, "at": 1736648889.507296}
{"obj": {"type": "LogFloats", "path": ["training", "train", "log_loss"], "values": [{"value": -1.3443671731076559, "step": null, "ts": 1736648889.5081475}]}, "version": 125, "at": 1736648889.5081713}
{"obj": {"type": "LogFloats", "path": ["training", "train", "log_loss"], "values": [{"value": -1.3236579407625781, "step": null, "ts": 1736648889.509139}]}, "version": 126, "at": 1736648889.5091622}
{"obj": {"type": "LogFloats", "path": ["training", "train", "log_loss"], "values": [{"value": -1.3878415827263488, "step": null, "ts": 1736648889.5100539}]}, "version": 127, "at": 1736648889.5100777}
{"obj": {"type": "LogFloats", "path": ["training", "train", "log_loss"], "values": [{"value": -1.3759562716046119, "step": null, "ts": 1736648889.5110705}]}, "version": 128, "at": 1736648889.5110939}
{"obj": {"type": "LogFloats", "path": ["training", "train", "log_loss"], "values": [{"value": -1.399511330899148, "step": null, "ts": 1736648889.5119798}]}, "version": 129, "at": 1736648889.512002}
{"obj": {"type": "LogFloats", "path": ["training", "train", "log_loss"], "values": [{"value": -1.3871666978433763, "step": null, "ts": 1736648889.5129712}]}, "version": 130, "at": 1736648889.5129967}
{"obj": {"type": "LogFloats", "path": ["training", "train", "log_loss"], "values": [{"value": -1.4096367511920445, "step": null, "ts": 1736648889.5139766}]}, "version": 131, "at": 1736648889.5139987}
{"obj": {"type": "LogFloats", "path": ["training", "train", "log_loss"], "values": [{"value": -1.3535869422293167, "step": null, "ts": 1736648889.51485}]}, "version": 132, "at": 1736648889.514872}
{"obj": {"type": "LogFloats", "path": ["training", "train", "log_loss"], "values": [{"value": -1.3461686767773682, "step": null, "ts": 1736648889.515712}]}, "version": 133, "at": 1736648889.5157351}
{"obj": {"type": "LogFloats", "path": ["training", "train", "log_loss"], "values": [{"value": -1.3839680771279155, "step": null, "ts": 1736648889.516658}]}, "version": 134, "at": 1736648889.516685}
{"obj": {"type": "LogFloats", "path": ["training", "train", "log_loss"], "values": [{"value": -1.398756343152137, "step": null, "ts": 1736648889.5176282}]}, "version": 135, "at": 1736648889.517652}
{"obj": {"type": "LogFloats", "path": ["training", "train", "log_loss"], "values": [{"value": -1.3982525301824336, "step": null, "ts": 1736648889.518685}]}, "version": 136, "at": 1736648889.5187097}
{"obj": {"type": "LogFloats", "path": ["training", "train", "log_loss"], "values": [{"value": -1.4151588202229834, "step": null, "ts": 1736648889.519653}]}, "version": 137, "at": 1736648889.5196762}
{"obj": {"type": "LogFloats", "path": ["training", "train", "log_loss"], "values": [{"value": -1.3681393660383283, "step": null, "ts": 1736648889.5205803}]}, "version": 138, "at": 1736648889.5206046}
{"obj": {"type": "LogFloats", "path": ["training", "train", "log_loss"], "values": [{"value": -1.390063821003113, "step": null, "ts": 1736648889.521553}]}, "version": 139, "at": 1736648889.5215783}
{"obj": {"type": "LogFloats", "path": ["training", "train", "log_loss"], "values": [{"value": -1.3774154906307068, "step": null, "ts": 1736648889.5224266}]}, "version": 140, "at": 1736648889.5224488}
{"obj": {"type": "LogFloats", "path": ["training", "train", "log_loss"], "values": [{"value": -1.422098480767319, "step": null, "ts": 1736648889.5233228}]}, "version": 141, "at": 1736648889.5233455}
{"obj": {"type": "LogFloats", "path": ["training", "train", "log_loss"], "values": [{"value": -1.4101423661066712, "step": null, "ts": 1736648889.5242865}]}, "version": 142, "at": 1736648889.5243108}
{"obj": {"type": "LogFloats", "path": ["training", "train", "log_loss"], "values": [{"value": -1.4053179373828493, "step": null, "ts": 1736648889.5253031}]}, "version": 143, "at": 1736648889.5253263}
{"obj": {"type": "LogFloats", "path": ["training", "train", "log_loss"], "values": [{"value": -1.36536889402573, "step": null, "ts": 1736648889.5262969}]}, "version": 144, "at": 1736648889.5263236}
{"obj": {"type": "LogFloats", "path": ["training", "train", "log_loss"], "values": [{"value": -1.411272058655591, "step": null, "ts": 1736648889.5272512}]}, "version": 145, "at": 1736648889.5272748}
{"obj": {"type": "LogFloats", "path": ["training", "train", "log_loss"], "values": [{"value": -1.3663864565259534, "step": null, "ts": 1736648889.5281525}]}, "version": 146, "at": 1736648889.5281765}
{"obj": {"type": "LogFloats", "path": ["training", "train", "log_loss"], "values": [{"value": -1.3772719419644792, "step": null, "ts": 1736648889.5290573}]}, "version": 147, "at": 1736648889.529081}
{"obj": {"type": "LogFloats", "path": ["training", "train", "log_loss"], "values": [{"value": -1.3947838429668575, "step": null, "ts": 1736648889.5299935}]}, "version": 148, "at": 1736648889.5300202}
{"obj": {"type": "LogFloats", "path": ["training", "train", "log_loss"], "values": [{"value": -1.4336036095186577, "step": null, "ts": 1736648889.5309236}]}, "version": 149, "at": 1736648889.5309474}
{"obj": {"type": "LogFloats", "path": ["training", "train", "log_loss"], "values": [{"value": -1.4078762049040918, "step": null, "ts": 1736648889.531878}]}, "version": 150, "at": 1736648889.5319028}
{"obj": {"type": "LogFloats", "path": ["training", "train", "log_loss"], "values": [{"value": -1.428510483732292, "step": null, "ts": 1736648889.5328152}]}, "version": 151, "at": 1736648889.532843}
{"obj": {"type": "LogFloats", "path": ["training", "train", "log_loss"], "values": [{"value": -1.4283606537113724, "step": null, "ts": 1736648889.5336876}]}, "version": 152, "at": 1736648889.5337112}
{"obj": {"type": "LogFloats", "path": ["training", "train", "log_loss"], "values": [{"value": -1.4067222339092036, "step": null, "ts": 1736648889.5347927}]}, "version": 153, "at": 1736648889.5348177}
{"obj": {"type": "LogFloats", "path": ["training", "train", "log_loss"], "values": [{"value": -1.3922309873150163, "step": null, "ts": 1736648889.5357597}]}, "version": 154, "at": 1736648889.5357847}
{"obj": {"type": "LogFloats", "path": ["training", "train", "log_loss"], "values": [{"value": -1.3706909973732413, "step": null, "ts": 1736648889.5367098}]}, "version": 155, "at": 1736648889.5367327}
{"obj": {"type": "LogFloats", "path": ["training", "train", "log_loss"], "values": [{"value": -1.4282940145416272, "step": null, "ts": 1736648889.5376403}]}, "version": 156, "at": 1736648889.5376635}
{"obj": {"type": "LogFloats", "path": ["training", "train", "log_loss"], "values": [{"value": -1.4429458362434149, "step": null, "ts": 1736648889.5386097}]}, "version": 157, "at": 1736648889.5386353}
{"obj": {"type": "LogFloats", "path": ["training", "train", "log_loss"], "values": [{"value": -1.3736502364758267, "step": null, "ts": 1736648889.539649}]}, "version": 158, "at": 1736648889.539674}
{"obj": {"type": "LogFloats", "path": ["training", "train", "log_loss"], "values": [{"value": -1.4138742981368515, "step": null, "ts": 1736648889.540729}]}, "version": 159, "at": 1736648889.5407534}
{"obj": {"type": "LogFloats", "path": ["training", "train", "log_loss"], "values": [{"value": -1.4407133845195754, "step": null, "ts": 1736648889.5441658}]}, "version": 160, "at": 1736648889.5441945}
{"obj": {"type": "LogFloats", "path": ["training", "train", "log_loss"], "values": [{"value": -1.424133087457303, "step": null, "ts": 1736648889.5459971}]}, "version": 161, "at": 1736648889.5460238}
{"obj": {"type": "LogFloats", "path": ["training", "train", "log_loss"], "values": [{"value": -1.4428456721015515, "step": null, "ts": 1736648889.547967}]}, "version": 162, "at": 1736648889.5479903}
{"obj": {"type": "LogFloats", "path": ["training", "train", "log_loss"], "values": [{"value": -1.437160738974103, "step": null, "ts": 1736648889.5493984}]}, "version": 163, "at": 1736648889.5494227}
{"obj": {"type": "LogFloats", "path": ["training", "train", "log_loss"], "values": [{"value": -1.4072587579129323, "step": null, "ts": 1736648889.5505226}]}, "version": 164, "at": 1736648889.5505462}
{"obj": {"type": "LogFloats", "path": ["training", "train", "log_loss"], "values": [{"value": -1.4062832857804775, "step": null, "ts": 1736648889.552433}]}, "version": 165, "at": 1736648889.552458}
{"obj": {"type": "LogFloats", "path": ["training", "train", "log_loss"], "values": [{"value": -1.4296263975311925, "step": null, "ts": 1736648889.5533664}]}, "version": 166, "at": 1736648889.5533893}
{"obj": {"type": "LogFloats", "path": ["training", "train", "log_loss"], "values": [{"value": -1.4427926926073154, "step": null, "ts": 1736648889.5542405}]}, "version": 167, "at": 1736648889.5542636}
{"obj": {"type": "LogFloats", "path": ["training", "train", "log_loss"], "values": [{"value": -1.3851358413315786, "step": null, "ts": 1736648889.5550966}]}, "version": 168, "at": 1736648889.555119}
{"obj": {"type": "LogFloats", "path": ["training", "train", "log_loss"], "values": [{"value": -1.4238648348761462, "step": null, "ts": 1736648889.556004}]}, "version": 169, "at": 1736648889.5560277}
{"obj": {"type": "LogFloats", "path": ["training", "train", "log_loss"], "values": [{"value": -1.462618715049801, "step": null, "ts": 1736648889.5570319}]}, "version": 170, "at": 1736648889.5570557}
{"obj": {"type": "LogFloats", "path": ["training", "train", "log_loss"], "values": [{"value": -1.4077696268258348, "step": null, "ts": 1736648889.5580153}]}, "version": 171, "at": 1736648889.5580373}
{"obj": {"type": "LogFloats", "path": ["training", "train", "log_loss"], "values": [{"value": -1.4532340629567178, "step": null, "ts": 1736648889.558971}]}, "version": 172, "at": 1736648889.5589943}
{"obj": {"type": "LogFloats", "path": ["training", "train", "log_loss"], "values": [{"value": -1.423200949993191, "step": null, "ts": 1736648889.5598986}]}, "version": 173, "at": 1736648889.5599222}
{"obj": {"type": "LogFloats", "path": ["training", "train", "log_loss"], "values": [{"value": -1.4418234741812996, "step": null, "ts": 1736648889.5608356}]}, "version": 174, "at": 1736648889.5608606}
{"obj": {"type": "LogFloats", "path": ["training", "train", "log_loss"], "values": [{"value": -1.474710424441255, "step": null, "ts": 1736648889.5618463}]}, "version": 175, "at": 1736648889.56187}
{"obj": {"type": "LogFloats", "path": ["training", "train", "log_loss"], "values": [{"value": -1.4173002692604904, "step": null, "ts": 1736648889.5627751}]}, "version": 176, "at": 1736648889.5627983}
{"obj": {"type": "LogFloats", "path": ["training", "train", "log_loss"], "values": [{"value": -1.4523222950203662, "step": null, "ts": 1736648889.5637786}]}, "version": 177, "at": 1736648889.5638027}
{"obj": {"type": "LogFloats", "path": ["training", "train", "log_loss"], "values": [{"value": -1.42400421325376, "step": null, "ts": 1736648889.5647407}]}, "version": 178, "at": 1736648889.5647655}
{"obj": {"type": "LogFloats", "path": ["training", "train", "log_loss"], "values": [{"value": -1.4215049143586325, "step": null, "ts": 1736648889.565852}]}, "version": 179, "at": 1736648889.5658798}
{"obj": {"type": "LogFloats", "path": ["training", "train", "log_loss"], "values": [{"value": -1.466516330927924, "step": null, "ts": 1736648889.5667746}]}, "version": 180, "at": 1736648889.566799}
{"obj": {"type": "LogFloats", "path": ["training", "train", "log_loss"], "values": [{"value": -1.4247334193576218, "step": null, "ts": 1736648889.567811}]}, "version": 181, "at": 1736648889.567839}
{"obj": {"type": "LogFloats", "path": ["training", "train", "log_loss"], "values": [{"value": -1.4717809139666396, "step": null, "ts": 1736648889.568796}]}, "version": 182, "at": 1736648889.5688226}
{"obj": {"type": "LogFloats", "path": ["training", "train", "log_loss"], "values": [{"value": -1.4451412424725782, "step": null, "ts": 1736648889.569788}]}, "version": 183, "at": 1736648889.5698135}
{"obj": {"type": "LogFloats", "path": ["training", "train", "log_loss"], "values": [{"value": -1.4782398691079988, "step": null, "ts": 1736648889.5707254}]}, "version": 184, "at": 1736648889.5707486}
{"obj": {"type": "LogFloats", "path": ["training", "train", "log_loss"], "values": [{"value": -1.5125597402523763, "step": null, "ts": 1736648889.5716448}]}, "version": 185, "at": 1736648889.5716681}
{"obj": {"type": "LogFloats", "path": ["training", "train", "log_loss"], "values": [{"value": -1.4433760001123213, "step": null, "ts": 1736648889.572546}]}, "version": 186, "at": 1736648889.5725834}
{"obj": {"type": "LogFloats", "path": ["training", "train", "log_loss"], "values": [{"value": -1.4404515960776259, "step": null, "ts": 1736648889.5735705}]}, "version": 187, "at": 1736648889.5735974}
{"obj": {"type": "LogFloats", "path": ["training", "train", "log_loss"], "values": [{"value": -1.4753375448932262, "step": null, "ts": 1736648889.5744593}]}, "version": 188, "at": 1736648889.5744822}
{"obj": {"type": "LogFloats", "path": ["training", "train", "log_loss"], "values": [{"value": -1.4507354850638734, "step": null, "ts": 1736648889.5755055}]}, "version": 189, "at": 1736648889.575536}
{"obj": {"type": "LogFloats", "path": ["training", "train", "log_loss"], "values": [{"value": -1.4647173038631445, "step": null, "ts": 1736648889.5767465}]}, "version": 190, "at": 1736648889.576777}
{"obj": {"type": "LogFloats", "path": ["training", "train", "log_loss"], "values": [{"value": -1.4522777885470068, "step": null, "ts": 1736648889.5778866}]}, "version": 191, "at": 1736648889.5779195}
{"obj": {"type": "LogFloats", "path": ["training", "train", "log_loss"], "values": [{"value": -1.4602363160247305, "step": null, "ts": 1736648889.579005}]}, "version": 192, "at": 1736648889.5790298}
{"obj": {"type": "LogFloats", "path": ["training", "train", "log_loss"], "values": [{"value": -1.4750649714418211, "step": null, "ts": 1736648889.579958}]}, "version": 193, "at": 1736648889.5799825}
{"obj": {"type": "LogFloats", "path": ["training", "train", "log_loss"], "values": [{"value": -1.478376057100441, "step": null, "ts": 1736648889.5809002}]}, "version": 194, "at": 1736648889.5809724}
{"obj": {"type": "LogFloats", "path": ["training", "train", "log_loss"], "values": [{"value": -1.4636882924177177, "step": null, "ts": 1736648889.5818894}]}, "version": 195, "at": 1736648889.5819156}
{"obj": {"type": "LogFloats", "path": ["training", "train", "log_loss"], "values": [{"value": -1.4709100108792477, "step": null, "ts": 1736648889.5828218}]}, "version": 196, "at": 1736648889.5828505}
{"obj": {"type": "LogFloats", "path": ["training", "train", "log_loss"], "values": [{"value": -1.4864593088206042, "step": null, "ts": 1736648889.5851536}]}, "version": 197, "at": 1736648889.5851765}
{"obj": {"type": "LogFloats", "path": ["training", "train", "log_loss"], "values": [{"value": -1.4675843334055647, "step": null, "ts": 1736648889.5860498}]}, "version": 198, "at": 1736648889.5860744}
{"obj": {"type": "LogFloats", "path": ["training", "train", "log_loss"], "values": [{"value": -1.4913453381647734, "step": null, "ts": 1736648889.5869637}]}, "version": 199, "at": 1736648889.586988}
{"obj": {"type": "LogFloats", "path": ["training", "train", "log_loss"], "values": [{"value": -1.4304654902183378, "step": null, "ts": 1736648889.5879338}]}, "version": 200, "at": 1736648889.5879583}
{"obj": {"type": "LogFloats", "path": ["training", "train", "log_loss"], "values": [{"value": -1.50755608897697, "step": null, "ts": 1736648889.5890572}]}, "version": 201, "at": 1736648889.5890844}
{"obj": {"type": "LogFloats", "path": ["training", "train", "log_loss"], "values": [{"value": -1.5285556728016012, "step": null, "ts": 1736648889.5899415}]}, "version": 202, "at": 1736648889.589966}
{"obj": {"type": "LogFloats", "path": ["training", "train", "log_loss"], "values": [{"value": -1.4826388108722988, "step": null, "ts": 1736648889.5908515}]}, "version": 203, "at": 1736648889.5908744}
{"obj": {"type": "LogFloats", "path": ["training", "train", "log_loss"], "values": [{"value": -1.494048043318967, "step": null, "ts": 1736648889.5918152}]}, "version": 204, "at": 1736648889.59184}
{"obj": {"type": "LogFloats", "path": ["training", "train", "log_loss"], "values": [{"value": -1.5099699611695254, "step": null, "ts": 1736648889.5928235}]}, "version": 205, "at": 1736648889.5928485}
{"obj": {"type": "LogFloats", "path": ["training", "train", "log_loss"], "values": [{"value": -1.5040297812493162, "step": null, "ts": 1736648889.5937877}]}, "version": 206, "at": 1736648889.5938182}
{"obj": {"type": "LogFloats", "path": ["training", "train", "log_loss"], "values": [{"value": -1.4906011187280581, "step": null, "ts": 1736648889.594846}]}, "version": 207, "at": 1736648889.594871}
{"obj": {"type": "LogFloats", "path": ["training", "train", "log_loss"], "values": [{"value": -1.472537956639377, "step": null, "ts": 1736648889.5958917}]}, "version": 208, "at": 1736648889.5959156}
{"obj": {"type": "LogFloats", "path": ["training", "train", "log_loss"], "values": [{"value": -1.469433092488083, "step": null, "ts": 1736648889.5969434}]}, "version": 209, "at": 1736648889.5969667}
{"obj": {"type": "LogFloats", "path": ["training", "train", "log_loss"], "values": [{"value": -1.5250571018402304, "step": null, "ts": 1736648889.597832}]}, "version": 210, "at": 1736648889.5978553}
{"obj": {"type": "LogFloats", "path": ["training", "train", "log_loss"], "values": [{"value": -1.504577813549787, "step": null, "ts": 1736648889.5988333}]}, "version": 211, "at": 1736648889.5988572}
{"obj": {"type": "LogFloats", "path": ["training", "train", "log_loss"], "values": [{"value": -1.5240950536603388, "step": null, "ts": 1736648889.5997975}]}, "version": 212, "at": 1736648889.599823}
{"obj": {"type": "LogFloats", "path": ["training", "train", "log_loss"], "values": [{"value": -1.4935810600119697, "step": null, "ts": 1736648889.6010103}]}, "version": 213, "at": 1736648889.6010401}
{"obj": {"type": "LogFloats", "path": ["training", "train", "log_loss"], "values": [{"value": -1.511713550721281, "step": null, "ts": 1736648889.6021814}]}, "version": 214, "at": 1736648889.6022098}
{"obj": {"type": "LogFloats", "path": ["training", "train", "log_loss"], "values": [{"value": -1.4633986591674961, "step": null, "ts": 1736648889.6033282}]}, "version": 215, "at": 1736648889.6033578}
{"obj": {"type": "LogFloats", "path": ["training", "train", "log_loss"], "values": [{"value": -1.520733245904983, "step": null, "ts": 1736648889.6050804}]}, "version": 216, "at": 1736648889.6051054}
{"obj": {"type": "LogFloats", "path": ["training", "train", "log_loss"], "values": [{"value": -1.4784037674848374, "step": null, "ts": 1736648889.6061404}]}, "version": 217, "at": 1736648889.6061683}
{"obj": {"type": "LogFloats", "path": ["training", "train", "log_loss"], "values": [{"value": -1.5058248321049068, "step": null, "ts": 1736648889.6071286}]}, "version": 218, "at": 1736648889.6071534}
{"obj": {"type": "LogFloats", "path": ["training", "train", "log_loss"], "values": [{"value": -1.5154535329611498, "step": null, "ts": 1736648889.6083293}]}, "version": 219, "at": 1736648889.6083622}
{"obj": {"type": "LogFloats", "path": ["training", "train", "log_loss"], "values": [{"value": -1.525287758588401, "step": null, "ts": 1736648889.6094525}]}, "version": 220, "at": 1736648889.6094768}
{"obj": {"type": "LogFloats", "path": ["training", "train", "log_loss"], "values": [{"value": -1.5045913655770597, "step": null, "ts": 1736648889.6106415}]}, "version": 221, "at": 1736648889.6106675}
{"obj": {"type": "LogFloats", "path": ["training", "train", "log_loss"], "values": [{"value": -1.5319680587790763, "step": null, "ts": 1736648889.6117916}]}, "version": 222, "at": 1736648889.6118171}
{"obj": {"type": "LogFloats", "path": ["training", "train", "log_loss"], "values": [{"value": -1.5570371550866888, "step": null, "ts": 1736648889.613}]}, "version": 223, "at": 1736648889.6130288}
{"obj": {"type": "LogFloats", "path": ["training", "train", "log_loss"], "values": [{"value": -1.4784518703528298, "step": null, "ts": 1736648889.6140478}]}, "version": 224, "at": 1736648889.6140785}
{"obj": {"type": "LogFloats", "path": ["training", "train", "log_loss"], "values": [{"value": -1.4873445910767065, "step": null, "ts": 1736648889.6151805}]}, "version": 225, "at": 1736648889.6152368}
{"obj": {"type": "LogFloats", "path": ["training", "train", "log_loss"], "values": [{"value": -1.4765929668719544, "step": null, "ts": 1736648889.6163492}]}, "version": 226, "at": 1736648889.616379}
{"obj": {"type": "LogFloats", "path": ["training", "train", "log_loss"], "values": [{"value": -1.5235605642578445, "step": null, "ts": 1736648889.6175196}]}, "version": 227, "at": 1736648889.6175485}
{"obj": {"type": "LogFloats", "path": ["training", "train", "log_loss"], "values": [{"value": -1.5078071080619297, "step": null, "ts": 1736648889.6186101}]}, "version": 228, "at": 1736648889.6186373}
{"obj": {"type": "LogFloats", "path": ["training", "train", "log_loss"], "values": [{"value": -1.5113115946015052, "step": null, "ts": 1736648889.619761}]}, "version": 229, "at": 1736648889.619789}
{"obj": {"type": "LogFloats", "path": ["training", "train", "log_loss"], "values": [{"value": -1.5405366177427655, "step": null, "ts": 1736648889.6209958}]}, "version": 230, "at": 1736648889.6210256}
{"obj": {"type": "LogFloats", "path": ["training", "train", "log_loss"], "values": [{"value": -1.5166390250643949, "step": null, "ts": 1736648889.6220515}]}, "version": 231, "at": 1736648889.6220748}
{"obj": {"type": "LogFloats", "path": ["training", "train", "log_loss"], "values": [{"value": -1.5823600445759112, "step": null, "ts": 1736648889.6229625}]}, "version": 232, "at": 1736648889.6229868}
{"obj": {"type": "LogFloats", "path": ["training", "train", "log_loss"], "values": [{"value": -1.601083982261133, "step": null, "ts": 1736648889.6239898}]}, "version": 233, "at": 1736648889.624015}
{"obj": {"type": "LogFloats", "path": ["training", "train", "log_loss"], "values": [{"value": -1.542456653350185, "step": null, "ts": 1736648889.6262171}]}, "version": 234, "at": 1736648889.6262476}
{"obj": {"type": "LogFloats", "path": ["training", "train", "log_loss"], "values": [{"value": -1.4898614853657106, "step": null, "ts": 1736648889.6274354}]}, "version": 235, "at": 1736648889.6274655}
{"obj": {"type": "LogFloats", "path": ["training", "train", "log_loss"], "values": [{"value": -1.5823300961571656, "step": null, "ts": 1736648889.6284642}]}, "version": 236, "at": 1736648889.6284897}
{"obj": {"type": "LogFloats", "path": ["training", "train", "log_loss"], "values": [{"value": -1.5091055389643098, "step": null, "ts": 1736648889.6294374}]}, "version": 237, "at": 1736648889.629463}
{"obj": {"type": "LogFloats", "path": ["training", "train", "log_loss"], "values": [{"value": -1.5379365098177407, "step": null, "ts": 1736648889.630362}]}, "version": 238, "at": 1736648889.630386}
{"obj": {"type": "LogFloats", "path": ["training", "train", "log_loss"], "values": [{"value": -1.5383865787944007, "step": null, "ts": 1736648889.6313303}]}, "version": 239, "at": 1736648889.6313562}
{"obj": {"type": "LogFloats", "path": ["training", "train", "log_loss"], "values": [{"value": -1.5029423863968336, "step": null, "ts": 1736648889.6322908}]}, "version": 240, "at": 1736648889.632316}
{"obj": {"type": "LogFloats", "path": ["training", "train", "log_loss"], "values": [{"value": -1.5293242915026037, "step": null, "ts": 1736648889.6335542}]}, "version": 241, "at": 1736648889.6335826}
{"obj": {"type": "LogFloats", "path": ["training", "train", "log_loss"], "values": [{"value": -1.5343379097973648, "step": null, "ts": 1736648889.6346505}]}, "version": 242, "at": 1736648889.6346807}
{"obj": {"type": "LogFloats", "path": ["training", "train", "log_loss"], "values": [{"value": -1.4943176734801116, "step": null, "ts": 1736648889.6358967}]}, "version": 243, "at": 1736648889.6359212}
{"obj": {"type": "LogFloats", "path": ["training", "train", "log_loss"], "values": [{"value": -1.4885207081794698, "step": null, "ts": 1736648889.6369545}]}, "version": 244, "at": 1736648889.6369793}
{"obj": {"type": "LogFloats", "path": ["training", "train", "log_loss"], "values": [{"value": -1.532061010078041, "step": null, "ts": 1736648889.6379688}]}, "version": 245, "at": 1736648889.6379929}
{"obj": {"type": "LogFloats", "path": ["training", "train", "log_loss"], "values": [{"value": -1.5650679230047118, "step": null, "ts": 1736648889.638997}]}, "version": 246, "at": 1736648889.6390207}
{"obj": {"type": "LogFloats", "path": ["training", "train", "log_loss"], "values": [{"value": -1.5208420694044205, "step": null, "ts": 1736648889.6400282}]}, "version": 247, "at": 1736648889.640055}
{"obj": {"type": "LogFloats", "path": ["training", "train", "log_loss"], "values": [{"value": -1.5791442310608692, "step": null, "ts": 1736648889.6411529}]}, "version": 248, "at": 1736648889.6411834}
{"obj": {"type": "LogFloats", "path": ["training", "train", "log_loss"], "values": [{"value": -1.5442053768357178, "step": null, "ts": 1736648889.6421523}]}, "version": 249, "at": 1736648889.6421826}
{"obj": {"type": "LogFloats", "path": ["training", "train", "log_loss"], "values": [{"value": -1.5440472208807745, "step": null, "ts": 1736648889.643274}]}, "version": 250, "at": 1736648889.6433036}
{"obj": {"type": "LogFloats", "path": ["training", "train", "log_loss"], "values": [{"value": -1.5590493115759871, "step": null, "ts": 1736648889.6442792}]}, "version": 251, "at": 1736648889.6443026}
{"obj": {"type": "LogFloats", "path": ["training", "train", "log_loss"], "values": [{"value": -1.5648324672092377, "step": null, "ts": 1736648889.6454957}]}, "version": 252, "at": 1736648889.6455245}
{"obj": {"type": "LogFloats", "path": ["training", "train", "log_loss"], "values": [{"value": -1.5368726078736694, "step": null, "ts": 1736648889.6466007}]}, "version": 253, "at": 1736648889.6466308}
{"obj": {"type": "LogFloats", "path": ["training", "train", "log_loss"], "values": [{"value": -1.5671873809585157, "step": null, "ts": 1736648889.6479197}]}, "version": 254, "at": 1736648889.6479456}
{"obj": {"type": "LogFloats", "path": ["training", "train", "log_loss"], "values": [{"value": -1.5701754132860273, "step": null, "ts": 1736648889.6488862}]}, "version": 255, "at": 1736648889.6489136}
{"obj": {"type": "LogFloats", "path": ["training", "train", "log_loss"], "values": [{"value": -1.5397280654108574, "step": null, "ts": 1736648889.650008}]}, "version": 256, "at": 1736648889.6500356}
{"obj": {"type": "LogFloats", "path": ["training", "train", "log_loss"], "values": [{"value": -1.5485930301343194, "step": null, "ts": 1736648889.65103}]}, "version": 257, "at": 1736648889.6510546}
{"obj": {"type": "LogFloats", "path": ["training", "train", "log_loss"], "values": [{"value": -1.5756846333370795, "step": null, "ts": 1736648889.6520407}]}, "version": 258, "at": 1736648889.6521127}
{"obj": {"type": "LogFloats", "path": ["training", "train", "log_loss"], "values": [{"value": -1.5738263259974485, "step": null, "ts": 1736648889.6531265}]}, "version": 259, "at": 1736648889.6531525}
{"obj": {"type": "LogFloats", "path": ["training", "train", "log_loss"], "values": [{"value": -1.580086155338118, "step": null, "ts": 1736648889.654147}]}, "version": 260, "at": 1736648889.6541705}
{"obj": {"type": "LogFloats", "path": ["training", "train", "log_loss"], "values": [{"value": -1.6080195682550462, "step": null, "ts": 1736648889.655111}]}, "version": 261, "at": 1736648889.6551373}
{"obj": {"type": "LogFloats", "path": ["training", "train", "log_loss"], "values": [{"value": -1.5811910544356602, "step": null, "ts": 1736648889.6561263}]}, "version": 262, "at": 1736648889.6561506}
{"obj": {"type": "LogFloats", "path": ["training", "train", "log_loss"], "values": [{"value": -1.6107744558929693, "step": null, "ts": 1736648889.6571646}]}, "version": 263, "at": 1736648889.657189}
{"obj": {"type": "LogFloats", "path": ["training", "train", "log_loss"], "values": [{"value": -1.5901968115804275, "step": null, "ts": 1736648889.6581252}]}, "version": 264, "at": 1736648889.6581485}
{"obj": {"type": "LogFloats", "path": ["training", "train", "log_loss"], "values": [{"value": -1.5603829996133782, "step": null, "ts": 1736648889.6590369}]}, "version": 265, "at": 1736648889.6590643}
{"obj": {"type": "LogFloats", "path": ["training", "train", "log_loss"], "values": [{"value": -1.5661871671045104, "step": null, "ts": 1736648889.6601136}]}, "version": 266, "at": 1736648889.6601377}
{"obj": {"type": "LogFloats", "path": ["training", "train", "log_loss"], "values": [{"value": -1.5787175656519237, "step": null, "ts": 1736648889.6611097}]}, "version": 267, "at": 1736648889.661133}
{"obj": {"type": "LogFloats", "path": ["training", "train", "log_loss"], "values": [{"value": -1.5902678536336252, "step": null, "ts": 1736648889.662008}]}, "version": 268, "at": 1736648889.662032}
{"obj": {"type": "LogFloats", "path": ["training", "train", "log_loss"], "values": [{"value": -1.5569510435485803, "step": null, "ts": 1736648889.6629333}]}, "version": 269, "at": 1736648889.6629565}
{"obj": {"type": "LogFloats", "path": ["training", "train", "log_loss"], "values": [{"value": -1.617170950331789, "step": null, "ts": 1736648889.663902}]}, "version": 270, "at": 1736648889.6639247}
{"obj": {"type": "LogFloats", "path": ["training", "train", "log_loss"], "values": [{"value": -1.5582753507535612, "step": null, "ts": 1736648889.6649735}]}, "version": 271, "at": 1736648889.6649969}
{"obj": {"type": "LogFloats", "path": ["training", "train", "log_loss"], "values": [{"value": -1.542523407847585, "step": null, "ts": 1736648889.666006}]}, "version": 272, "at": 1736648889.66603}
{"obj": {"type": "LogFloats", "path": ["training", "train", "log_loss"], "values": [{"value": -1.5553264247150496, "step": null, "ts": 1736648889.6672597}]}, "version": 273, "at": 1736648889.6672843}
{"obj": {"type": "LogFloats", "path": ["training", "train", "log_loss"], "values": [{"value": -1.5615325902391808, "step": null, "ts": 1736648889.6682317}]}, "version": 274, "at": 1736648889.6682541}
{"obj": {"type": "LogFloats", "path": ["training", "train", "log_loss"], "values": [{"value": -1.577468751528933, "step": null, "ts": 1736648889.6691954}]}, "version": 275, "at": 1736648889.6692188}
{"obj": {"type": "LogFloats", "path": ["training", "train", "log_loss"], "values": [{"value": -1.5901811713124376, "step": null, "ts": 1736648889.6701107}]}, "version": 276, "at": 1736648889.670134}
{"obj": {"type": "LogFloats", "path": ["training", "train", "log_loss"], "values": [{"value": -1.5782200915308864, "step": null, "ts": 1736648889.6710212}]}, "version": 277, "at": 1736648889.6710484}
{"obj": {"type": "LogFloats", "path": ["training", "train", "log_loss"], "values": [{"value": -1.589765916664513, "step": null, "ts": 1736648889.6719978}]}, "version": 278, "at": 1736648889.672021}
{"obj": {"type": "LogFloats", "path": ["training", "train", "log_loss"], "values": [{"value": -1.6017661085866404, "step": null, "ts": 1736648889.6730218}]}, "version": 279, "at": 1736648889.6730447}
{"obj": {"type": "LogFloats", "path": ["training", "train", "log_loss"], "values": [{"value": -1.551968937912923, "step": null, "ts": 1736648889.6739993}]}, "version": 280, "at": 1736648889.6740215}
{"obj": {"type": "LogFloats", "path": ["training", "train", "log_loss"], "values": [{"value": -1.5756843452052858, "step": null, "ts": 1736648889.6749609}]}, "version": 281, "at": 1736648889.674989}
{"obj": {"type": "LogFloats", "path": ["training", "train", "log_loss"], "values": [{"value": -1.5964611463324632, "step": null, "ts": 1736648889.6761038}]}, "version": 282, "at": 1736648889.6761296}
{"obj": {"type": "LogFloats", "path": ["training", "train", "log_loss"], "values": [{"value": -1.5724073235887375, "step": null, "ts": 1736648889.6770937}]}, "version": 283, "at": 1736648889.677117}
{"obj": {"type": "LogFloats", "path": ["training", "train", "log_loss"], "values": [{"value": -1.5801627053215683, "step": null, "ts": 1736648889.678033}]}, "version": 284, "at": 1736648889.6780565}
{"obj": {"type": "LogFloats", "path": ["training", "train", "log_loss"], "values": [{"value": -1.624776545872711, "step": null, "ts": 1736648889.6789565}]}, "version": 285, "at": 1736648889.6789796}
{"obj": {"type": "LogFloats", "path": ["training", "train", "log_loss"], "values": [{"value": -1.636229000151723, "step": null, "ts": 1736648889.6799154}]}, "version": 286, "at": 1736648889.6799393}
{"obj": {"type": "LogFloats", "path": ["training", "train", "log_loss"], "values": [{"value": -1.5888992820833714, "step": null, "ts": 1736648889.6808805}]}, "version": 287, "at": 1736648889.6809042}
{"obj": {"type": "LogFloats", "path": ["training", "train", "log_loss"], "values": [{"value": -1.6286087408778478, "step": null, "ts": 1736648889.681779}]}, "version": 288, "at": 1736648889.6818025}
{"obj": {"type": "LogFloats", "path": ["training", "train", "log_loss"], "values": [{"value": -1.5978133798356287, "step": null, "ts": 1736648889.6827586}]}, "version": 289, "at": 1736648889.6827815}
{"obj": {"type": "LogFloats", "path": ["training", "train", "log_loss"], "values": [{"value": -1.6218226316951334, "step": null, "ts": 1736648889.6836975}]}, "version": 290, "at": 1736648889.6837204}
{"obj": {"type": "LogFloats", "path": ["training", "train", "log_loss"], "values": [{"value": -1.5986543142167164, "step": null, "ts": 1736648889.6846757}]}, "version": 291, "at": 1736648889.6847005}
{"obj": {"type": "LogFloats", "path": ["training", "train", "log_loss"], "values": [{"value": -1.639042021937555, "step": null, "ts": 1736648889.6856813}]}, "version": 292, "at": 1736648889.685709}
{"obj": {"type": "LogFloats", "path": ["training", "train", "log_loss"], "values": [{"value": -1.5629169607357924, "step": null, "ts": 1736648889.686722}]}, "version": 293, "at": 1736648889.6867461}
{"obj": {"type": "LogFloats", "path": ["training", "train", "log_loss"], "values": [{"value": -1.595789756927503, "step": null, "ts": 1736648889.6877413}]}, "version": 294, "at": 1736648889.6877654}
{"obj": {"type": "LogFloats", "path": ["training", "train", "log_loss"], "values": [{"value": -1.5924415325122887, "step": null, "ts": 1736648889.6888516}]}, "version": 295, "at": 1736648889.6888769}
{"obj": {"type": "LogFloats", "path": ["training", "train", "log_loss"], "values": [{"value": -1.6083886613832918, "step": null, "ts": 1736648889.689927}]}, "version": 296, "at": 1736648889.689953}
{"obj": {"type": "LogFloats", "path": ["training", "train", "log_loss"], "values": [{"value": -1.6275310132225722, "step": null, "ts": 1736648889.6910386}]}, "version": 297, "at": 1736648889.691067}
{"obj": {"type": "LogFloats", "path": ["training", "train", "log_loss"], "values": [{"value": -1.578364172485132, "step": null, "ts": 1736648889.692089}]}, "version": 298, "at": 1736648889.6921139}
{"obj": {"type": "LogFloats", "path": ["training", "train", "log_loss"], "values": [{"value": -1.6360416750080624, "step": null, "ts": 1736648889.6931927}]}, "version": 299, "at": 1736648889.6932173}
{"obj": {"type": "LogFloats", "path": ["training", "train", "log_loss"], "values": [{"value": -1.6209142876292997, "step": null, "ts": 1736648889.6941607}]}, "version": 300, "at": 1736648889.6941857}
{"obj": {"type": "LogFloats", "path": ["training", "train", "log_loss"], "values": [{"value": -1.6202134053802753, "step": null, "ts": 1736648889.6950903}]}, "version": 301, "at": 1736648889.6951127}
{"obj": {"type": "LogFloats", "path": ["training", "train", "log_loss"], "values": [{"value": -1.615135838181311, "step": null, "ts": 1736648889.69604}]}, "version": 302, "at": 1736648889.696064}
{"obj": {"type": "LogFloats", "path": ["training", "train", "log_loss"], "values": [{"value": -1.5726958466421008, "step": null, "ts": 1736648889.6969807}]}, "version": 303, "at": 1736648889.6970038}
{"obj": {"type": "LogFloats", "path": ["training", "train", "log_loss"], "values": [{"value": -1.6030167851821382, "step": null, "ts": 1736648889.6980233}]}, "version": 304, "at": 1736648889.6980472}
{"obj": {"type": "LogFloats", "path": ["training", "train", "log_loss"], "values": [{"value": -1.6048919181823442, "step": null, "ts": 1736648889.6991377}]}, "version": 305, "at": 1736648889.6991673}
{"obj": {"type": "LogFloats", "path": ["training", "train", "log_loss"], "values": [{"value": -1.630509091583064, "step": null, "ts": 1736648889.7004232}]}, "version": 306, "at": 1736648889.700454}
{"obj": {"type": "LogFloats", "path": ["training", "train", "log_loss"], "values": [{"value": -1.611552893669686, "step": null, "ts": 1736648889.7016754}]}, "version": 307, "at": 1736648889.701706}
{"obj": {"type": "LogFloats", "path": ["training", "train", "log_loss"], "values": [{"value": -1.6460358932702608, "step": null, "ts": 1736648889.702872}]}, "version": 308, "at": 1736648889.702904}
{"obj": {"type": "LogFloats", "path": ["training", "train", "log_loss"], "values": [{"value": -1.6188775678589036, "step": null, "ts": 1736648889.704095}]}, "version": 309, "at": 1736648889.7041254}
{"obj": {"type": "LogFloats", "path": ["training", "train", "log_loss"], "values": [{"value": -1.6079000886621821, "step": null, "ts": 1736648889.705231}]}, "version": 310, "at": 1736648889.7052603}
{"obj": {"type": "LogFloats", "path": ["training", "train", "log_loss"], "values": [{"value": -1.6461293328785287, "step": null, "ts": 1736648889.7064576}]}, "version": 311, "at": 1736648889.7064884}
{"obj": {"type": "LogFloats", "path": ["training", "train", "log_loss"], "values": [{"value": -1.6403264742837016, "step": null, "ts": 1736648889.7078109}]}, "version": 312, "at": 1736648889.7078385}
{"obj": {"type": "LogFloats", "path": ["training", "train", "log_loss"], "values": [{"value": -1.6034669823842582, "step": null, "ts": 1736648889.7088623}]}, "version": 313, "at": 1736648889.7088933}
{"obj": {"type": "LogFloats", "path": ["training", "train", "log_loss"], "values": [{"value": -1.6202692891757366, "step": null, "ts": 1736648889.7099931}]}, "version": 314, "at": 1736648889.7100224}
{"obj": {"type": "LogFloats", "path": ["training", "train", "log_loss"], "values": [{"value": -1.5830563624363219, "step": null, "ts": 1736648889.7110705}]}, "version": 315, "at": 1736648889.7111003}
{"obj": {"type": "LogFloats", "path": ["training", "train", "log_loss"], "values": [{"value": -1.6363911014502355, "step": null, "ts": 1736648889.7121658}]}, "version": 316, "at": 1736648889.7121956}
{"obj": {"type": "LogFloats", "path": ["training", "train", "log_loss"], "values": [{"value": -1.6307292510949603, "step": null, "ts": 1736648889.7132475}]}, "version": 317, "at": 1736648889.7132757}
{"obj": {"type": "LogFloats", "path": ["training", "train", "log_loss"], "values": [{"value": -1.6205947877343376, "step": null, "ts": 1736648889.714185}]}, "version": 318, "at": 1736648889.7142134}
{"obj": {"type": "LogFloats", "path": ["training", "train", "log_loss"], "values": [{"value": -1.5926240886176637, "step": null, "ts": 1736648889.7152987}]}, "version": 319, "at": 1736648889.7153282}
{"obj": {"type": "LogFloats", "path": ["training", "train", "log_loss"], "values": [{"value": -1.5822227823125035, "step": null, "ts": 1736648889.7164311}]}, "version": 320, "at": 1736648889.7164598}
{"obj": {"type": "LogFloats", "path": ["training", "train", "log_loss"], "values": [{"value": -1.6334634009598021, "step": null, "ts": 1736648889.7176633}]}, "version": 321, "at": 1736648889.717693}
{"obj": {"type": "LogFloats", "path": ["training", "train", "log_loss"], "values": [{"value": -1.6503640565933246, "step": null, "ts": 1736648889.718887}]}, "version": 322, "at": 1736648889.7189171}
{"obj": {"type": "LogFloats", "path": ["training", "train", "log_loss"], "values": [{"value": -1.6342431357146692, "step": null, "ts": 1736648889.7200441}]}, "version": 323, "at": 1736648889.72007}
{"obj": {"type": "LogFloats", "path": ["training", "train", "log_loss"], "values": [{"value": -1.6067450125151677, "step": null, "ts": 1736648889.721225}]}, "version": 324, "at": 1736648889.7212517}
{"obj": {"type": "LogFloats", "path": ["training", "train", "log_loss"], "values": [{"value": -1.6263591892532943, "step": null, "ts": 1736648889.7224936}]}, "version": 325, "at": 1736648889.7225204}
{"obj": {"type": "LogFloats", "path": ["training", "train", "log_loss"], "values": [{"value": -1.648926977859553, "step": null, "ts": 1736648889.7235808}]}, "version": 326, "at": 1736648889.7236063}
{"obj": {"type": "LogFloats", "path": ["training", "train", "log_loss"], "values": [{"value": -1.6344196586599595, "step": null, "ts": 1736648889.7245843}]}, "version": 327, "at": 1736648889.7246091}
{"obj": {"type": "LogFloats", "path": ["training", "train", "log_loss"], "values": [{"value": -1.6741149643610762, "step": null, "ts": 1736648889.7255552}]}, "version": 328, "at": 1736648889.7255795}
{"obj": {"type": "LogFloats", "path": ["training", "train", "log_loss"], "values": [{"value": -1.6096451941665195, "step": null, "ts": 1736648889.726417}]}, "version": 329, "at": 1736648889.7264397}
{"obj": {"type": "LogFloats", "path": ["training", "train", "log_loss"], "values": [{"value": -1.6724563200494993, "step": null, "ts": 1736648889.7273047}]}, "version": 330, "at": 1736648889.7273283}
{"obj": {"type": "LogFloats", "path": ["training", "train", "log_loss"], "values": [{"value": -1.6760919324746786, "step": null, "ts": 1736648889.7282128}]}, "version": 331, "at": 1736648889.7282362}
{"obj": {"type": "LogFloats", "path": ["training", "train", "log_loss"], "values": [{"value": -1.648653648611928, "step": null, "ts": 1736648889.7294788}]}, "version": 332, "at": 1736648889.7295082}
{"obj": {"type": "LogFloats", "path": ["training", "train", "log_loss"], "values": [{"value": -1.6176035288474033, "step": null, "ts": 1736648889.7304738}]}, "version": 333, "at": 1736648889.730502}
{"obj": {"type": "LogFloats", "path": ["training", "train", "log_loss"], "values": [{"value": -1.6629891750500967, "step": null, "ts": 1736648889.7314441}]}, "version": 334, "at": 1736648889.7314684}
{"obj": {"type": "LogFloats", "path": ["training", "train", "log_loss"], "values": [{"value": -1.679152682118636, "step": null, "ts": 1736648889.7323716}]}, "version": 335, "at": 1736648889.7323973}
{"obj": {"type": "LogFloats", "path": ["training", "train", "log_loss"], "values": [{"value": -1.6599023525577603, "step": null, "ts": 1736648889.7334712}]}, "version": 336, "at": 1736648889.7335}
{"obj": {"type": "LogFloats", "path": ["training", "train", "log_loss"], "values": [{"value": -1.6323493280596038, "step": null, "ts": 1736648889.73459}]}, "version": 337, "at": 1736648889.7346225}
{"obj": {"type": "LogFloats", "path": ["training", "train", "log_loss"], "values": [{"value": -1.6534321196582769, "step": null, "ts": 1736648889.735858}]}, "version": 338, "at": 1736648889.7358885}
{"obj": {"type": "LogFloats", "path": ["training", "train", "log_loss"], "values": [{"value": -1.6758473047475657, "step": null, "ts": 1736648889.7371147}]}, "version": 339, "at": 1736648889.737146}
{"obj": {"type": "LogFloats", "path": ["training", "train", "log_loss"], "values": [{"value": -1.5976462939134954, "step": null, "ts": 1736648889.7384746}]}, "version": 340, "at": 1736648889.7385058}
{"obj": {"type": "LogFloats", "path": ["training", "train", "log_loss"], "values": [{"value": -1.6294689171610193, "step": null, "ts": 1736648889.7396345}]}, "version": 341, "at": 1736648889.7396643}
{"obj": {"type": "LogFloats", "path": ["training", "train", "log_loss"], "values": [{"value": -1.632949076838898, "step": null, "ts": 1736648889.7408407}]}, "version": 342, "at": 1736648889.7408724}
{"obj": {"type": "LogFloats", "path": ["training", "train", "log_loss"], "values": [{"value": -1.642930154413452, "step": null, "ts": 1736648889.7421083}]}, "version": 343, "at": 1736648889.7421393}
{"obj": {"type": "LogFloats", "path": ["training", "train", "log_loss"], "values": [{"value": -1.6750995386885923, "step": null, "ts": 1736648889.743442}]}, "version": 344, "at": 1736648889.7434733}
{"obj": {"type": "LogFloats", "path": ["training", "train", "log_loss"], "values": [{"value": -1.638300791771531, "step": null, "ts": 1736648889.7447627}]}, "version": 345, "at": 1736648889.7447953}
{"obj": {"type": "LogFloats", "path": ["training", "train", "log_loss"], "values": [{"value": -1.6486492319394854, "step": null, "ts": 1736648889.7459912}]}, "version": 346, "at": 1736648889.7460213}
{"obj": {"type": "LogFloats", "path": ["training", "train", "log_loss"], "values": [{"value": -1.650891146106047, "step": null, "ts": 1736648889.7471423}]}, "version": 347, "at": 1736648889.7471716}
{"obj": {"type": "LogFloats", "path": ["training", "train", "log_loss"], "values": [{"value": -1.6328058364902722, "step": null, "ts": 1736648889.748309}]}, "version": 348, "at": 1736648889.7483401}
{"obj": {"type": "LogFloats", "path": ["training", "train", "log_loss"], "values": [{"value": -1.6811466886071718, "step": null, "ts": 1736648889.7495956}]}, "version": 349, "at": 1736648889.7496266}
{"obj": {"type": "LogFloats", "path": ["training", "train", "log_loss"], "values": [{"value": -1.6908776952892128, "step": null, "ts": 1736648889.7507968}]}, "version": 350, "at": 1736648889.7508252}
{"obj": {"type": "LogFloats", "path": ["training", "train", "log_loss"], "values": [{"value": -1.6397419460431373, "step": null, "ts": 1736648889.7518477}]}, "version": 351, "at": 1736648889.7518766}
{"obj": {"type": "LogFloats", "path": ["training", "train", "log_loss"], "values": [{"value": -1.687359490593502, "step": null, "ts": 1736648889.7529323}]}, "version": 352, "at": 1736648889.7529624}
{"obj": {"type": "LogFloats", "path": ["training", "train", "log_loss"], "values": [{"value": -1.6980337571859794, "step": null, "ts": 1736648889.7541497}]}, "version": 353, "at": 1736648889.7541804}
{"obj": {"type": "LogFloats", "path": ["training", "train", "log_loss"], "values": [{"value": -1.6348486835319886, "step": null, "ts": 1736648889.7555594}]}, "version": 354, "at": 1736648889.75559}
{"obj": {"type": "LogFloats", "path": ["training", "train", "log_loss"], "values": [{"value": -1.6366346089173616, "step": null, "ts": 1736648889.7568605}]}, "version": 355, "at": 1736648889.7568915}
{"obj": {"type": "LogFloats", "path": ["training", "train", "log_loss"], "values": [{"value": -1.639885722592508, "step": null, "ts": 1736648889.7578554}]}, "version": 356, "at": 1736648889.7578838}
{"obj": {"type": "LogFloats", "path": ["training", "train", "log_loss"], "values": [{"value": -1.6708915304155905, "step": null, "ts": 1736648889.758932}]}, "version": 357, "at": 1736648889.7589614}
{"obj": {"type": "LogFloats", "path": ["training", "train", "log_loss"], "values": [{"value": -1.689631143097819, "step": null, "ts": 1736648889.7600944}]}, "version": 358, "at": 1736648889.7601242}
{"obj": {"type": "LogFloats", "path": ["training", "train", "log_loss"], "values": [{"value": -1.6536728818696151, "step": null, "ts": 1736648889.7611318}]}, "version": 359, "at": 1736648889.76116}
{"obj": {"type": "LogFloats", "path": ["training", "train", "log_loss"], "values": [{"value": -1.677548275388075, "step": null, "ts": 1736648889.7621806}]}, "version": 360, "at": 1736648889.7622068}
{"obj": {"type": "LogFloats", "path": ["training", "train", "log_loss"], "values": [{"value": -1.6916314529343388, "step": null, "ts": 1736648889.763363}]}, "version": 361, "at": 1736648889.7633927}
{"obj": {"type": "LogFloats", "path": ["training", "train", "log_loss"], "values": [{"value": -1.6458479584821517, "step": null, "ts": 1736648889.7644818}]}, "version": 362, "at": 1736648889.7645085}
{"obj": {"type": "LogFloats", "path": ["training", "train", "log_loss"], "values": [{"value": -1.6906934256446584, "step": null, "ts": 1736648889.7655823}]}, "version": 363, "at": 1736648889.765612}
{"obj": {"type": "LogFloats", "path": ["training", "train", "log_loss"], "values": [{"value": -1.6469779539087672, "step": null, "ts": 1736648889.7667418}]}, "version": 364, "at": 1736648889.766772}
{"obj": {"type": "LogFloats", "path": ["training", "train", "log_loss"], "values": [{"value": -1.669670104430796, "step": null, "ts": 1736648889.7677662}]}, "version": 365, "at": 1736648889.7677956}
{"obj": {"type": "LogFloats", "path": ["training", "train", "log_loss"], "values": [{"value": -1.6701015425260632, "step": null, "ts": 1736648889.7689054}]}, "version": 366, "at": 1736648889.7689807}
{"obj": {"type": "LogFloats", "path": ["training", "train", "log_loss"], "values": [{"value": -1.6838954375089672, "step": null, "ts": 1736648889.770192}]}, "version": 367, "at": 1736648889.7702167}
{"obj": {"type": "LogFloats", "path": ["training", "train", "log_loss"], "values": [{"value": -1.6340795494513043, "step": null, "ts": 1736648889.7713413}]}, "version": 368, "at": 1736648889.7713664}
{"obj": {"type": "LogFloats", "path": ["training", "train", "log_loss"], "values": [{"value": -1.683928748069385, "step": null, "ts": 1736648889.772228}]}, "version": 369, "at": 1736648889.7722526}
{"obj": {"type": "LogFloats", "path": ["training", "train", "log_loss"], "values": [{"value": -1.7042227780434924, "step": null, "ts": 1736648889.7731621}]}, "version": 370, "at": 1736648889.7731857}
{"obj": {"type": "LogFloats", "path": ["training", "train", "log_loss"], "values": [{"value": -1.6960981225927747, "step": null, "ts": 1736648889.7740083}]}, "version": 371, "at": 1736648889.77403}
{"obj": {"type": "LogFloats", "path": ["training", "train", "log_loss"], "values": [{"value": -1.6737834920827248, "step": null, "ts": 1736648889.7749612}]}, "version": 372, "at": 1736648889.7749896}
{"obj": {"type": "LogFloats", "path": ["training", "train", "log_loss"], "values": [{"value": -1.642134304374153, "step": null, "ts": 1736648889.7764957}]}, "version": 373, "at": 1736648889.7765272}
{"obj": {"type": "LogFloats", "path": ["training", "train", "log_loss"], "values": [{"value": -1.6609833944994694, "step": null, "ts": 1736648889.7776802}]}, "version": 374, "at": 1736648889.7777095}
{"obj": {"type": "LogFloats", "path": ["training", "train", "log_loss"], "values": [{"value": -1.6661621989306954, "step": null, "ts": 1736648889.7788637}]}, "version": 375, "at": 1736648889.7788932}
{"obj": {"type": "LogFloats", "path": ["training", "train", "log_loss"], "values": [{"value": -1.6694070272691433, "step": null, "ts": 1736648889.779993}]}, "version": 376, "at": 1736648889.7800233}
{"obj": {"type": "LogFloats", "path": ["training", "train", "log_loss"], "values": [{"value": -1.6801473491632455, "step": null, "ts": 1736648889.78106}]}, "version": 377, "at": 1736648889.78109}
{"obj": {"type": "LogFloats", "path": ["training", "train", "log_loss"], "values": [{"value": -1.6765842360198628, "step": null, "ts": 1736648889.7821462}]}, "version": 378, "at": 1736648889.7821758}
{"obj": {"type": "LogFloats", "path": ["training", "train", "log_loss"], "values": [{"value": -1.670082463820902, "step": null, "ts": 1736648889.783283}]}, "version": 379, "at": 1736648889.7833126}
{"obj": {"type": "LogFloats", "path": ["training", "train", "log_loss"], "values": [{"value": -1.6953660796327876, "step": null, "ts": 1736648889.784355}]}, "version": 380, "at": 1736648889.7843835}
{"obj": {"type": "LogFloats", "path": ["training", "train", "log_loss"], "values": [{"value": -1.667963985079366, "step": null, "ts": 1736648889.7855122}]}, "version": 381, "at": 1736648889.7855392}
{"obj": {"type": "LogFloats", "path": ["training", "train", "log_loss"], "values": [{"value": -1.6645954887521446, "step": null, "ts": 1736648889.7865465}]}, "version": 382, "at": 1736648889.7865746}
{"obj": {"type": "LogFloats", "path": ["training", "train", "log_loss"], "values": [{"value": -1.7025549395149282, "step": null, "ts": 1736648889.7875626}]}, "version": 383, "at": 1736648889.78759}
{"obj": {"type": "LogFloats", "path": ["training", "train", "log_loss"], "values": [{"value": -1.7017656139410071, "step": null, "ts": 1736648889.7886784}]}, "version": 384, "at": 1736648889.7887044}
{"obj": {"type": "LogFloats", "path": ["training", "train", "log_loss"], "values": [{"value": -1.6815389047353728, "step": null, "ts": 1736648889.7897687}]}, "version": 385, "at": 1736648889.7897942}
{"obj": {"type": "LogFloats", "path": ["training", "train", "log_loss"], "values": [{"value": -1.6512925695178242, "step": null, "ts": 1736648889.7908664}]}, "version": 386, "at": 1736648889.790895}
{"obj": {"type": "LogFloats", "path": ["training", "train", "log_loss"], "values": [{"value": -1.7371900982628672, "step": null, "ts": 1736648889.7921455}]}, "version": 387, "at": 1736648889.7921743}
{"obj": {"type": "LogFloats", "path": ["training", "train", "log_loss"], "values": [{"value": -1.688029676769679, "step": null, "ts": 1736648889.7933893}]}, "version": 388, "at": 1736648889.793421}
{"obj": {"type": "LogFloats", "path": ["training", "train", "log_loss"], "values": [{"value": -1.70201560316515, "step": null, "ts": 1736648889.7945986}]}, "version": 389, "at": 1736648889.7946281}
{"obj": {"type": "LogFloats", "path": ["training", "train", "log_loss"], "values": [{"value": -1.6525187316441576, "step": null, "ts": 1736648889.7957873}]}, "version": 390, "at": 1736648889.7958164}
{"obj": {"type": "LogFloats", "path": ["training", "train", "log_loss"], "values": [{"value": -1.6597772943283389, "step": null, "ts": 1736648889.7969847}]}, "version": 391, "at": 1736648889.7970142}
{"obj": {"type": "LogFloats", "path": ["training", "train", "log_loss"], "values": [{"value": -1.668510157783076, "step": null, "ts": 1736648889.797958}]}, "version": 392, "at": 1736648889.7979822}
{"obj": {"type": "LogFloats", "path": ["training", "train", "log_loss"], "values": [{"value": -1.6874269884068966, "step": null, "ts": 1736648889.799033}]}, "version": 393, "at": 1736648889.799062}
{"obj": {"type": "LogFloats", "path": ["training", "train", "log_loss"], "values": [{"value": -1.6863500640554634, "step": null, "ts": 1736648889.8002715}]}, "version": 394, "at": 1736648889.8003013}
{"obj": {"type": "LogFloats", "path": ["training", "train", "log_loss"], "values": [{"value": -1.6948778345791105, "step": null, "ts": 1736648889.8016121}]}, "version": 395, "at": 1736648889.8016424}
{"obj": {"type": "LogFloats", "path": ["training", "train", "log_loss"], "values": [{"value": -1.649087352359545, "step": null, "ts": 1736648889.8027833}]}, "version": 396, "at": 1736648889.8028133}
{"obj": {"type": "LogFloats", "path": ["training", "train", "log_loss"], "values": [{"value": -1.6921678060398704, "step": null, "ts": 1736648889.8040197}]}, "version": 397, "at": 1736648889.8040528}
{"obj": {"type": "LogFloats", "path": ["training", "train", "log_loss"], "values": [{"value": -1.7189257405260523, "step": null, "ts": 1736648889.8052938}]}, "version": 398, "at": 1736648889.8053243}
{"obj": {"type": "LogFloats", "path": ["training", "train", "log_loss"], "values": [{"value": -1.664754458903058, "step": null, "ts": 1736648889.8064709}]}, "version": 399, "at": 1736648889.8065007}
{"obj": {"type": "LogFloats", "path": ["training", "train", "log_loss"], "values": [{"value": -1.7041408680531882, "step": null, "ts": 1736648889.807735}]}, "version": 400, "at": 1736648889.8077652}
{"obj": {"type": "LogFloats", "path": ["training", "train", "log_loss"], "values": [{"value": -1.7031254138912009, "step": null, "ts": 1736648889.8090444}]}, "version": 401, "at": 1736648889.8090732}
{"obj": {"type": "LogFloats", "path": ["training", "train", "log_loss"], "values": [{"value": -1.6832441380464733, "step": null, "ts": 1736648889.8102033}]}, "version": 402, "at": 1736648889.8102314}
{"obj": {"type": "LogFloats", "path": ["training", "train", "log_loss"], "values": [{"value": -1.7041377556058726, "step": null, "ts": 1736648889.811368}]}, "version": 403, "at": 1736648889.8113973}
{"obj": {"type": "LogFloats", "path": ["training", "train", "log_loss"], "values": [{"value": -1.7180033775215207, "step": null, "ts": 1736648889.81275}]}, "version": 404, "at": 1736648889.8127928}
{"obj": {"type": "LogFloats", "path": ["training", "train", "log_loss"], "values": [{"value": -1.6997459287177248, "step": null, "ts": 1736648889.8143234}]}, "version": 405, "at": 1736648889.8143532}
{"obj": {"type": "LogFloats", "path": ["training", "train", "log_loss"], "values": [{"value": -1.729954222637822, "step": null, "ts": 1736648889.815457}]}, "version": 406, "at": 1736648889.8154855}
{"obj": {"type": "LogFloats", "path": ["training", "train", "log_loss"], "values": [{"value": -1.663996684029668, "step": null, "ts": 1736648889.8164992}]}, "version": 407, "at": 1736648889.816528}
{"obj": {"type": "LogFloats", "path": ["training", "train", "log_loss"], "values": [{"value": -1.693404236980951, "step": null, "ts": 1736648889.8177788}]}, "version": 408, "at": 1736648889.8178089}
{"obj": {"type": "LogFloats", "path": ["training", "train", "log_loss"], "values": [{"value": -1.684624269117101, "step": null, "ts": 1736648889.8190608}]}, "version": 409, "at": 1736648889.8190918}
{"obj": {"type": "LogFloats", "path": ["training", "train", "log_loss"], "values": [{"value": -1.7025196943177268, "step": null, "ts": 1736648889.8203576}]}, "version": 410, "at": 1736648889.8203905}
{"obj": {"type": "LogFloats", "path": ["training", "train", "log_loss"], "values": [{"value": -1.6748566648913608, "step": null, "ts": 1736648889.8214905}]}, "version": 411, "at": 1736648889.8215165}
{"obj": {"type": "LogFloats", "path": ["training", "train", "log_loss"], "values": [{"value": -1.6838109219577946, "step": null, "ts": 1736648889.8225262}]}, "version": 412, "at": 1736648889.822557}
{"obj": {"type": "LogFloats", "path": ["training", "train", "log_loss"], "values": [{"value": -1.663041055333054, "step": null, "ts": 1736648889.8237019}]}, "version": 413, "at": 1736648889.8237312}
{"obj": {"type": "LogFloats", "path": ["training", "train", "log_loss"], "values": [{"value": -1.7231282129702885, "step": null, "ts": 1736648889.828699}]}, "version": 414, "at": 1736648889.828731}
{"obj": {"type": "LogFloats", "path": ["training", "train", "log_loss"], "values": [{"value": -1.6195933952045947, "step": null, "ts": 1736648889.8299088}]}, "version": 415, "at": 1736648889.829937}
{"obj": {"type": "LogFloats", "path": ["training", "train", "log_loss"], "values": [{"value": -1.7078105397279582, "step": null, "ts": 1736648889.8310792}]}, "version": 416, "at": 1736648889.8311086}
{"obj": {"type": "LogFloats", "path": ["training", "train", "log_loss"], "values": [{"value": -1.693587872213499, "step": null, "ts": 1736648889.8322737}]}, "version": 417, "at": 1736648889.8323047}
{"obj": {"type": "LogFloats", "path": ["training", "train", "log_loss"], "values": [{"value": -1.7229772985143756, "step": null, "ts": 1736648889.8335536}]}, "version": 418, "at": 1736648889.8335836}
{"obj": {"type": "LogFloats", "path": ["training", "train", "log_loss"], "values": [{"value": -1.742966512159168, "step": null, "ts": 1736648889.8347974}]}, "version": 419, "at": 1736648889.8348272}
{"obj": {"type": "LogFloats", "path": ["training", "train", "log_loss"], "values": [{"value": -1.7341018619624888, "step": null, "ts": 1736648889.8360252}]}, "version": 420, "at": 1736648889.8360548}
{"obj": {"type": "LogFloats", "path": ["training", "train", "log_loss"], "values": [{"value": -1.7371314314248392, "step": null, "ts": 1736648889.8373284}]}, "version": 421, "at": 1736648889.8373597}
{"obj": {"type": "LogFloats", "path": ["training", "train", "log_loss"], "values": [{"value": -1.747458331163351, "step": null, "ts": 1736648889.838534}]}, "version": 422, "at": 1736648889.8385644}
{"obj": {"type": "LogFloats", "path": ["training", "train", "log_loss"], "values": [{"value": -1.6789295075027437, "step": null, "ts": 1736648889.8397527}]}, "version": 423, "at": 1736648889.839783}
{"obj": {"type": "LogFloats", "path": ["training", "train", "log_loss"], "values": [{"value": -1.7260617920153114, "step": null, "ts": 1736648889.8410234}]}, "version": 424, "at": 1736648889.8410542}
{"obj": {"type": "LogFloats", "path": ["training", "train", "log_loss"], "values": [{"value": -1.6915707884642466, "step": null, "ts": 1736648889.842175}]}, "version": 425, "at": 1736648889.8422003}
{"obj": {"type": "LogFloats", "path": ["training", "train", "log_loss"], "values": [{"value": -1.7162617591207796, "step": null, "ts": 1736648889.8431206}]}, "version": 426, "at": 1736648889.8431468}
{"obj": {"type": "LogFloats", "path": ["training", "train", "log_loss"], "values": [{"value": -1.7084168412943437, "step": null, "ts": 1736648889.8440764}]}, "version": 427, "at": 1736648889.8441057}
{"obj": {"type": "LogFloats", "path": ["training", "train", "log_loss"], "values": [{"value": -1.7241480666285582, "step": null, "ts": 1736648889.8452742}]}, "version": 428, "at": 1736648889.845303}
{"obj": {"type": "LogFloats", "path": ["training", "train", "log_loss"], "values": [{"value": -1.7357958088023833, "step": null, "ts": 1736648889.8464296}]}, "version": 429, "at": 1736648889.8464599}
{"obj": {"type": "LogFloats", "path": ["training", "train", "log_loss"], "values": [{"value": -1.7152479249425234, "step": null, "ts": 1736648889.8476996}]}, "version": 430, "at": 1736648889.84773}
{"obj": {"type": "LogFloats", "path": ["training", "train", "log_loss"], "values": [{"value": -1.7334057382951924, "step": null, "ts": 1736648889.8489602}]}, "version": 431, "at": 1736648889.8489907}
{"obj": {"type": "LogFloats", "path": ["training", "train", "log_loss"], "values": [{"value": -1.7142629178060382, "step": null, "ts": 1736648889.8501718}]}, "version": 432, "at": 1736648889.850201}
{"obj": {"type": "LogFloats", "path": ["training", "train", "log_loss"], "values": [{"value": -1.7568119919354648, "step": null, "ts": 1736648889.8513641}]}, "version": 433, "at": 1736648889.8513935}
{"obj": {"type": "LogFloats", "path": ["training", "train", "log_loss"], "values": [{"value": -1.7152574494544555, "step": null, "ts": 1736648889.8525271}]}, "version": 434, "at": 1736648889.8525665}
{"obj": {"type": "LogFloats", "path": ["training", "train", "log_loss"], "values": [{"value": -1.718038508277492, "step": null, "ts": 1736648889.853659}]}, "version": 435, "at": 1736648889.8536878}
{"obj": {"type": "LogFloats", "path": ["training", "train", "log_loss"], "values": [{"value": -1.7744117845682132, "step": null, "ts": 1736648889.8548188}]}, "version": 436, "at": 1736648889.8548474}
{"obj": {"type": "LogFloats", "path": ["training", "train", "log_loss"], "values": [{"value": -1.683681794705758, "step": null, "ts": 1736648889.8559635}]}, "version": 437, "at": 1736648889.8559933}
{"obj": {"type": "LogFloats", "path": ["training", "train", "log_loss"], "values": [{"value": -1.707802976642785, "step": null, "ts": 1736648889.8572571}]}, "version": 438, "at": 1736648889.8572898}
{"obj": {"type": "LogFloats", "path": ["training", "train", "log_loss"], "values": [{"value": -1.7157962704238492, "step": null, "ts": 1736648889.8585556}]}, "version": 439, "at": 1736648889.8585887}
{"obj": {"type": "LogFloats", "path": ["training", "train", "log_loss"], "values": [{"value": -1.695875358470948, "step": null, "ts": 1736648889.859815}]}, "version": 440, "at": 1736648889.8598466}
{"obj": {"type": "LogFloats", "path": ["training", "train", "log_loss"], "values": [{"value": -1.7105549444135848, "step": null, "ts": 1736648889.8611019}]}, "version": 441, "at": 1736648889.8611276}
{"obj": {"type": "LogFloats", "path": ["training", "train", "log_loss"], "values": [{"value": -1.735201325143444, "step": null, "ts": 1736648889.862353}]}, "version": 442, "at": 1736648889.8623838}
{"obj": {"type": "LogFloats", "path": ["training", "train", "log_loss"], "values": [{"value": -1.7085305277820126, "step": null, "ts": 1736648889.863564}]}, "version": 443, "at": 1736648889.863593}
{"obj": {"type": "LogFloats", "path": ["training", "train", "log_loss"], "values": [{"value": -1.7199508012056228, "step": null, "ts": 1736648889.8648205}]}, "version": 444, "at": 1736648889.8648508}
{"obj": {"type": "LogFloats", "path": ["training", "train", "log_loss"], "values": [{"value": -1.717497149986388, "step": null, "ts": 1736648889.866018}]}, "version": 445, "at": 1736648889.8660495}
{"obj": {"type": "LogFloats", "path": ["training", "train", "log_loss"], "values": [{"value": -1.6842202427410746, "step": null, "ts": 1736648889.8672376}]}, "version": 446, "at": 1736648889.86727}
{"obj": {"type": "LogFloats", "path": ["training", "train", "log_loss"], "values": [{"value": -1.7096238774111807, "step": null, "ts": 1736648889.868521}]}, "version": 447, "at": 1736648889.8685606}
{"obj": {"type": "LogFloats", "path": ["training", "train", "log_loss"], "values": [{"value": -1.7199366552886584, "step": null, "ts": 1736648889.8697906}]}, "version": 448, "at": 1736648889.869821}
{"obj": {"type": "LogFloats", "path": ["training", "train", "log_loss"], "values": [{"value": -1.7083815533996136, "step": null, "ts": 1736648889.870973}]}, "version": 449, "at": 1736648889.870998}
{"obj": {"type": "LogFloats", "path": ["training", "train", "log_loss"], "values": [{"value": -1.7373396169079345, "step": null, "ts": 1736648889.8722525}]}, "version": 450, "at": 1736648889.8722851}
{"obj": {"type": "LogFloats", "path": ["training", "train", "log_loss"], "values": [{"value": -1.7206272927998123, "step": null, "ts": 1736648889.8735433}]}, "version": 451, "at": 1736648889.8735762}
{"obj": {"type": "LogFloats", "path": ["training", "train", "log_loss"], "values": [{"value": -1.7312131359177645, "step": null, "ts": 1736648889.8747807}]}, "version": 452, "at": 1736648889.8748102}
{"obj": {"type": "LogFloats", "path": ["training", "train", "log_loss"], "values": [{"value": -1.7437732008872693, "step": null, "ts": 1736648889.8760405}]}, "version": 453, "at": 1736648889.8760715}
{"obj": {"type": "LogFloats", "path": ["training", "train", "log_loss"], "values": [{"value": -1.716869060161594, "step": null, "ts": 1736648889.8773384}]}, "version": 454, "at": 1736648889.8773646}
{"obj": {"type": "LogFloats", "path": ["training", "train", "log_loss"], "values": [{"value": -1.7151674257347596, "step": null, "ts": 1736648889.8785675}]}, "version": 455, "at": 1736648889.8785985}
{"obj": {"type": "LogFloats", "path": ["training", "train", "log_loss"], "values": [{"value": -1.7152927323499823, "step": null, "ts": 1736648889.8799179}]}, "version": 456, "at": 1736648889.8799486}
{"obj": {"type": "LogFloats", "path": ["training", "train", "log_loss"], "values": [{"value": -1.7050513470434883, "step": null, "ts": 1736648889.8811853}]}, "version": 457, "at": 1736648889.8812163}
{"obj": {"type": "LogFloats", "path": ["training", "train", "log_loss"], "values": [{"value": -1.7398500571233817, "step": null, "ts": 1736648889.8823168}]}, "version": 458, "at": 1736648889.8823462}
{"obj": {"type": "LogFloats", "path": ["training", "train", "log_loss"], "values": [{"value": -1.7012187812274713, "step": null, "ts": 1736648889.8835902}]}, "version": 459, "at": 1736648889.8836195}
{"obj": {"type": "LogFloats", "path": ["training", "train", "log_loss"], "values": [{"value": -1.754434267785356, "step": null, "ts": 1736648889.8848374}]}, "version": 460, "at": 1736648889.884868}
{"obj": {"type": "LogFloats", "path": ["training", "train", "log_loss"], "values": [{"value": -1.6993329761552949, "step": null, "ts": 1736648889.8861187}]}, "version": 461, "at": 1736648889.8861492}
{"obj": {"type": "LogFloats", "path": ["training", "train", "log_loss"], "values": [{"value": -1.7426431675712275, "step": null, "ts": 1736648889.88738}]}, "version": 462, "at": 1736648889.8874116}
{"obj": {"type": "LogFloats", "path": ["training", "train", "log_loss"], "values": [{"value": -1.7471254082152616, "step": null, "ts": 1736648889.8886445}]}, "version": 463, "at": 1736648889.888671}
{"obj": {"type": "LogFloats", "path": ["training", "train", "log_loss"], "values": [{"value": -1.7329004221146556, "step": null, "ts": 1736648889.8899279}]}, "version": 464, "at": 1736648889.8899581}
{"obj": {"type": "LogFloats", "path": ["training", "train", "log_loss"], "values": [{"value": -1.7189819356942138, "step": null, "ts": 1736648889.8911433}]}, "version": 465, "at": 1736648889.8911746}
{"obj": {"type": "LogFloats", "path": ["training", "train", "log_loss"], "values": [{"value": -1.7571847755900798, "step": null, "ts": 1736648889.8923824}]}, "version": 466, "at": 1736648889.8924134}
{"obj": {"type": "LogFloats", "path": ["training", "train", "log_loss"], "values": [{"value": -1.6867725805700726, "step": null, "ts": 1736648889.893749}]}, "version": 467, "at": 1736648889.89378}
{"obj": {"type": "LogFloats", "path": ["training", "train", "log_loss"], "values": [{"value": -1.6675284934016763, "step": null, "ts": 1736648889.8950064}]}, "version": 468, "at": 1736648889.8950381}
{"obj": {"type": "LogFloats", "path": ["training", "train", "log_loss"], "values": [{"value": -1.739450162251703, "step": null, "ts": 1736648889.896295}]}, "version": 469, "at": 1736648889.8963284}
{"obj": {"type": "LogFloats", "path": ["training", "train", "log_loss"], "values": [{"value": -1.7215848355123227, "step": null, "ts": 1736648889.8975928}]}, "version": 470, "at": 1736648889.8976254}
{"obj": {"type": "LogFloats", "path": ["training", "train", "log_loss"], "values": [{"value": -1.7016364351108764, "step": null, "ts": 1736648889.8988535}]}, "version": 471, "at": 1736648889.8988848}
{"obj": {"type": "LogFloats", "path": ["training", "train", "log_loss"], "values": [{"value": -1.7404614109506182, "step": null, "ts": 1736648889.900085}]}, "version": 472, "at": 1736648889.9001172}
{"obj": {"type": "LogFloats", "path": ["training", "train", "log_loss"], "values": [{"value": -1.7345658197297198, "step": null, "ts": 1736648889.901337}]}, "version": 473, "at": 1736648889.9013667}
{"obj": {"type": "LogFloats", "path": ["training", "train", "log_loss"], "values": [{"value": -1.7388557076102642, "step": null, "ts": 1736648889.9025307}]}, "version": 474, "at": 1736648889.9025598}
{"obj": {"type": "LogFloats", "path": ["training", "train", "log_loss"], "values": [{"value": -1.7087459259015922, "step": null, "ts": 1736648889.903735}]}, "version": 475, "at": 1736648889.903766}
{"obj": {"type": "LogFloats", "path": ["training", "train", "log_loss"], "values": [{"value": -1.7234639290616605, "step": null, "ts": 1736648889.904989}]}, "version": 476, "at": 1736648889.9050198}
{"obj": {"type": "LogFloats", "path": ["training", "train", "log_loss"], "values": [{"value": -1.71193856127855, "step": null, "ts": 1736648889.9061747}]}, "version": 477, "at": 1736648889.906205}
{"obj": {"type": "LogFloats", "path": ["training", "train", "log_loss"], "values": [{"value": -1.7296929501553155, "step": null, "ts": 1736648889.9073954}]}, "version": 478, "at": 1736648889.9074266}
{"obj": {"type": "LogFloats", "path": ["training", "train", "log_loss"], "values": [{"value": -1.7336473988459586, "step": null, "ts": 1736648889.9086666}]}, "version": 479, "at": 1736648889.9086983}
{"obj": {"type": "LogFloats", "path": ["training", "train", "log_loss"], "values": [{"value": -1.7631224162857146, "step": null, "ts": 1736648889.9099448}]}, "version": 480, "at": 1736648889.9099755}
{"obj": {"type": "LogFloats", "path": ["training", "train", "log_loss"], "values": [{"value": -1.7229885662295714, "step": null, "ts": 1736648889.911134}]}, "version": 481, "at": 1736648889.9111648}
{"obj": {"type": "LogFloats", "path": ["training", "train", "log_loss"], "values": [{"value": -1.774738711944209, "step": null, "ts": 1736648889.912327}]}, "version": 482, "at": 1736648889.9123588}
{"obj": {"type": "LogFloats", "path": ["training", "train", "log_loss"], "values": [{"value": -1.6976197206835657, "step": null, "ts": 1736648889.9135537}]}, "version": 483, "at": 1736648889.9135826}
{"obj": {"type": "LogFloats", "path": ["training", "train", "log_loss"], "values": [{"value": -1.6883838047035253, "step": null, "ts": 1736648889.914709}]}, "version": 484, "at": 1736648889.9147394}
{"obj": {"type": "LogFloats", "path": ["training", "train", "log_loss"], "values": [{"value": -1.7331012363826193, "step": null, "ts": 1736648889.915861}]}, "version": 485, "at": 1736648889.9158893}
{"obj": {"type": "LogFloats", "path": ["training", "train", "log_loss"], "values": [{"value": -1.72980815710759, "step": null, "ts": 1736648889.917156}]}, "version": 486, "at": 1736648889.917187}
{"obj": {"type": "LogFloats", "path": ["training", "train", "log_loss"], "values": [{"value": -1.7601141931140192, "step": null, "ts": 1736648889.9183893}]}, "version": 487, "at": 1736648889.9184184}
{"obj": {"type": "LogFloats", "path": ["training", "train", "log_loss"], "values": [{"value": -1.7163662254546088, "step": null, "ts": 1736648889.9196439}]}, "version": 488, "at": 1736648889.919671}
{"obj": {"type": "LogFloats", "path": ["training", "train", "log_loss"], "values": [{"value": -1.7457068754246259, "step": null, "ts": 1736648889.9208524}]}, "version": 489, "at": 1736648889.920882}
{"obj": {"type": "LogFloats", "path": ["training", "train", "log_loss"], "values": [{"value": -1.7451122748513277, "step": null, "ts": 1736648889.9220645}]}, "version": 490, "at": 1736648889.9220932}
{"obj": {"type": "LogFloats", "path": ["training", "train", "log_loss"], "values": [{"value": -1.7195374069085618, "step": null, "ts": 1736648889.9233274}]}, "version": 491, "at": 1736648889.923358}
{"obj": {"type": "LogFloats", "path": ["training", "train", "log_loss"], "values": [{"value": -1.7332626251833458, "step": null, "ts": 1736648889.924527}]}, "version": 492, "at": 1736648889.924567}
{"obj": {"type": "LogFloats", "path": ["training", "train", "log_loss"], "values": [{"value": -1.7268879663076793, "step": null, "ts": 1736648889.9257884}]}, "version": 493, "at": 1736648889.9258194}
{"obj": {"type": "LogFloats", "path": ["training", "train", "log_loss"], "values": [{"value": -1.7359382702962758, "step": null, "ts": 1736648889.9270172}]}, "version": 494, "at": 1736648889.9270482}
{"obj": {"type": "LogFloats", "path": ["training", "train", "log_loss"], "values": [{"value": -1.7282729029204509, "step": null, "ts": 1736648889.928313}]}, "version": 495, "at": 1736648889.9283445}
{"obj": {"type": "LogFloats", "path": ["training", "train", "log_loss"], "values": [{"value": -1.7260962860448337, "step": null, "ts": 1736648889.929853}]}, "version": 496, "at": 1736648889.929887}
{"obj": {"type": "LogFloats", "path": ["training", "train", "log_loss"], "values": [{"value": -1.696563064906979, "step": null, "ts": 1736648889.9316328}]}, "version": 497, "at": 1736648889.9316652}
{"obj": {"type": "LogFloats", "path": ["training", "train", "log_loss"], "values": [{"value": -1.734022446812408, "step": null, "ts": 1736648889.9329271}]}, "version": 498, "at": 1736648889.93296}
