{"obj": {"type": "AssignString", "path": ["sys", "description"], "value": ""}, "version": 1, "at": 1736437043.7807903}
{"obj": {"type": "AssignString", "path": ["monitoring", "3ecb47fb", "hostname"], "value": "ip-10-192-12-7"}, "version": 2, "at": 1736437043.7810364}
{"obj": {"type": "AssignString", "path": ["sys", "hostname"], "value": "ip-10-192-12-7"}, "version": 3, "at": 1736437043.781123}
{"obj": {"type": "AssignString", "path": ["monitoring", "3ecb47fb", "pid"], "value": "1430"}, "version": 4, "at": 1736437043.7812028}
{"obj": {"type": "AssignString", "path": ["monitoring", "3ecb47fb", "tid"], "value": "140082586153600"}, "version": 5, "at": 1736437043.781301}
{"obj": {"type": "AssignBool", "path": ["sys", "failed"], "value": false}, "version": 6, "at": 1736437043.7813883}
{"obj": {"type": "AssignString", "path": ["source_code", "integrations", "neptune-pytorch"], "value": "2.0.0"}, "version": 7, "at": 1736437043.7891245}
{"obj": {"type": "LogFloats", "path": ["training", "train", "loss"], "values": [{"value": 5.458590177087608e-11, "step": null, "ts": 1736437122.5086305}]}, "version": 8, "at": 1736437122.508679}
{"obj": {"type": "LogFloats", "path": ["training", "train", "loss"], "values": [{"value": 5.611744402500563e-10, "step": null, "ts": 1736437189.8355174}]}, "version": 9, "at": 1736437189.8355732}
{"obj": {"type": "LogFloats", "path": ["training", "train", "loss"], "values": [{"value": 2.3430909990018733e-10, "step": null, "ts": 1736437260.9908326}]}, "version": 10, "at": 1736437260.99089}
{"obj": {"type": "LogFloats", "path": ["training", "train", "loss"], "values": [{"value": 1.9706179743561592e-10, "step": null, "ts": 1736437322.1291857}]}, "version": 11, "at": 1736437322.1292422}
{"obj": {"type": "LogFloats", "path": ["training", "train", "loss"], "values": [{"value": 7.282063285707352e-10, "step": null, "ts": 1736437377.7094445}]}, "version": 12, "at": 1736437377.7094996}
{"obj": {"type": "LogFloats", "path": ["training", "train", "loss"], "values": [{"value": 4.2895350466087834e-11, "step": null, "ts": 1736437431.819021}]}, "version": 13, "at": 1736437431.8190756}
{"obj": {"type": "LogFloats", "path": ["training", "train", "loss"], "values": [{"value": 1.0069346467744822e-09, "step": null, "ts": 1736437485.396002}]}, "version": 14, "at": 1736437485.3960729}
{"obj": {"type": "LogFloats", "path": ["training", "train", "loss"], "values": [{"value": 6.152614528964762e-11, "step": null, "ts": 1736437538.6936705}]}, "version": 15, "at": 1736437538.6937268}
{"obj": {"type": "LogFloats", "path": ["training", "train", "loss"], "values": [{"value": 5.416259454826822e-11, "step": null, "ts": 1736437593.9189255}]}, "version": 16, "at": 1736437593.9189794}
{"obj": {"type": "LogFloats", "path": ["training", "train", "loss"], "values": [{"value": 1.101211066778518e-10, "step": null, "ts": 1736437649.762654}]}, "version": 17, "at": 1736437649.762715}
{"obj": {"type": "LogFloats", "path": ["training", "train", "loss"], "values": [{"value": 5.776402689505744e-10, "step": null, "ts": 1736437705.2120047}]}, "version": 18, "at": 1736437705.2120917}
{"obj": {"type": "LogFloats", "path": ["training", "train", "loss"], "values": [{"value": 3.333269771310654e-11, "step": null, "ts": 1736437762.521296}]}, "version": 19, "at": 1736437762.521354}
{"obj": {"type": "LogFloats", "path": ["training", "train", "loss"], "values": [{"value": 9.389669042292326e-10, "step": null, "ts": 1736437819.4978068}]}, "version": 20, "at": 1736437819.497864}
{"obj": {"type": "LogFloats", "path": ["training", "train", "loss"], "values": [{"value": 1.0066167344113808e-10, "step": null, "ts": 1736437880.0321949}]}, "version": 21, "at": 1736437880.0322618}
{"obj": {"type": "LogFloats", "path": ["training", "train", "loss"], "values": [{"value": 3.974769818837487e-11, "step": null, "ts": 1736437940.7867935}]}, "version": 22, "at": 1736437940.7868505}
{"obj": {"type": "LogFloats", "path": ["training", "train", "loss"], "values": [{"value": 5.261083235730268e-10, "step": null, "ts": 1736438001.9806242}]}, "version": 23, "at": 1736438001.9806793}
{"obj": {"type": "LogFloats", "path": ["training", "train", "loss"], "values": [{"value": 5.123742541357501e-10, "step": null, "ts": 1736438062.286123}]}, "version": 24, "at": 1736438062.286179}
{"obj": {"type": "LogFloats", "path": ["training", "train", "loss"], "values": [{"value": 7.744714591861879e-11, "step": null, "ts": 1736438157.945968}]}, "version": 25, "at": 1736438157.9460304}
{"obj": {"type": "LogFloats", "path": ["training", "train", "loss"], "values": [{"value": 9.668389422401447e-10, "step": null, "ts": 1736438217.625569}]}, "version": 26, "at": 1736438217.6256268}
